Using pre-set license
Built from '2022.3/staging' branch; Version is '2022.3.2f1 (d74737c6db50) revision 14108471'; Using compiler version '192829333'; Build Type 'Release'
OS: 'Windows 10  (10.0.19045) 64bit Professional' Language: 'ko' Physical Memory: 16265 MB
BatchMode: 1, IsHumanControllingUs: 0, StartBugReporterOnCrash: 0, Is64bit: 1, IsPro: 1

COMMAND LINE ARGUMENTS:
C:\Program Files\Unity\Hub\Editor\2022.3.2f1\Editor\Unity.exe
-adb2
-batchMode
-noUpm
-name
AssetImportWorker3
-projectPath
C:/Users/J/2D project
-logFile
Logs/AssetImportWorker3.log
-srvPort
53393
Successfully changed project path to: C:/Users/J/2D project
C:/Users/J/2D project
[UnityMemory] Configuration Parameters - Can be set up in boot.config
    "memorysetup-bucket-allocator-granularity=16"
    "memorysetup-bucket-allocator-bucket-count=8"
    "memorysetup-bucket-allocator-block-size=33554432"
    "memorysetup-bucket-allocator-block-count=8"
    "memorysetup-main-allocator-block-size=16777216"
    "memorysetup-thread-allocator-block-size=16777216"
    "memorysetup-gfx-main-allocator-block-size=16777216"
    "memorysetup-gfx-thread-allocator-block-size=16777216"
    "memorysetup-cache-allocator-block-size=4194304"
    "memorysetup-typetree-allocator-block-size=2097152"
    "memorysetup-profiler-bucket-allocator-granularity=16"
    "memorysetup-profiler-bucket-allocator-bucket-count=8"
    "memorysetup-profiler-bucket-allocator-block-size=33554432"
    "memorysetup-profiler-bucket-allocator-block-count=8"
    "memorysetup-profiler-allocator-block-size=16777216"
    "memorysetup-profiler-editor-allocator-block-size=1048576"
    "memorysetup-temp-allocator-size-main=16777216"
    "memorysetup-job-temp-allocator-block-size=2097152"
    "memorysetup-job-temp-allocator-block-size-background=1048576"
    "memorysetup-job-temp-allocator-reduction-small-platforms=262144"
    "memorysetup-allocator-temp-initial-block-size-main=262144"
    "memorysetup-allocator-temp-initial-block-size-worker=262144"
    "memorysetup-temp-allocator-size-background-worker=32768"
    "memorysetup-temp-allocator-size-job-worker=262144"
    "memorysetup-temp-allocator-size-preload-manager=33554432"
    "memorysetup-temp-allocator-size-nav-mesh-worker=65536"
    "memorysetup-temp-allocator-size-audio-worker=65536"
    "memorysetup-temp-allocator-size-cloud-worker=32768"
    "memorysetup-temp-allocator-size-gi-baking-worker=262144"
    "memorysetup-temp-allocator-size-gfx=262144"
Player connection [13484] Host "[IP] 117.17.187.137 [Port] 0 [Flags] 2 [Guid] 1475675696 [EditorId] 1475675696 [Version] 1048832 [Id] WindowsEditor(7,DESKTOP-BNGAK63) [Debug] 1 [PackageName] WindowsEditor [ProjectName] Editor" joined multi-casting on [225.0.0.222:54997]...

Player connection [13484] Host "[IP] 117.17.187.137 [Port] 0 [Flags] 2 [Guid] 1475675696 [EditorId] 1475675696 [Version] 1048832 [Id] WindowsEditor(7,DESKTOP-BNGAK63) [Debug] 1 [PackageName] WindowsEditor [ProjectName] Editor" joined alternative multi-casting on [225.0.0.222:34997]...

Refreshing native plugins compatible for Editor in 7.68 ms, found 4 plugins.
Preloading 0 native plugins for Editor in 0.00 ms.
Initialize engine version: 2022.3.2f1 (d74737c6db50)
[Subsystems] Discovering subsystems at path C:/Program Files/Unity/Hub/Editor/2022.3.2f1/Editor/Data/Resources/UnitySubsystems
[Subsystems] Discovering subsystems at path C:/Users/J/2D project/Assets
GfxDevice: creating device client; threaded=0; jobified=0
Direct3D:
    Version:  Direct3D 11.0 [level 11.1]
    Renderer: NVIDIA GeForce GTX 1080 Ti (ID=0x1b06)
    Vendor:   NVIDIA
    VRAM:     11128 MB
    Driver:   31.0.15.1694
Initialize mono
Mono path[0] = 'C:/Program Files/Unity/Hub/Editor/2022.3.2f1/Editor/Data/Managed'
Mono path[1] = 'C:/Program Files/Unity/Hub/Editor/2022.3.2f1/Editor/Data/MonoBleedingEdge/lib/mono/unityjit-win32'
Mono config path = 'C:/Program Files/Unity/Hub/Editor/2022.3.2f1/Editor/Data/MonoBleedingEdge/etc'
Using monoOptions --debugger-agent=transport=dt_socket,embedding=1,server=y,suspend=n,address=127.0.0.1:56476
Begin MonoManager ReloadAssembly
Registering precompiled unity dll's ...
Register platform support module: C:/Program Files/Unity/Hub/Editor/2022.3.2f1/Editor/Data/PlaybackEngines/WebGLSupport/UnityEditor.WebGL.Extensions.dll
Register platform support module: C:/Program Files/Unity/Hub/Editor/2022.3.2f1/Editor/Data/PlaybackEngines/WindowsStandaloneSupport/UnityEditor.WindowsStandalone.Extensions.dll
Registered in 0.008088 seconds.
- Loaded All Assemblies, in  0.281 seconds
Native extension for WindowsStandalone target not found
Native extension for WebGL target not found
Mono: successfully reloaded assembly
- Finished resetting the current domain, in  0.214 seconds
Domain Reload Profiling: 494ms
	BeginReloadAssembly (68ms)
		ExecutionOrderSort (0ms)
		DisableScriptedObjects (0ms)
		BackupInstance (0ms)
		ReleaseScriptingObjects (0ms)
		CreateAndSetChildDomain (1ms)
	RebuildCommonClasses (27ms)
	RebuildNativeTypeToScriptingClass (8ms)
	initialDomainReloadingComplete (49ms)
	LoadAllAssembliesAndSetupDomain (127ms)
		LoadAssemblies (66ms)
		RebuildTransferFunctionScriptingTraits (0ms)
		AnalyzeDomain (123ms)
			TypeCache.Refresh (123ms)
				TypeCache.ScanAssembly (114ms)
			ScanForSourceGeneratedMonoScriptInfo (0ms)
			ResolveRequiredComponents (0ms)
	FinalizeReload (214ms)
		ReleaseScriptCaches (0ms)
		RebuildScriptCaches (0ms)
		SetupLoadedEditorAssemblies (165ms)
			LogAssemblyErrors (0ms)
			InitializePlatformSupportModulesInManaged (8ms)
			SetLoadedEditorAssemblies (4ms)
			RefreshPlugins (0ms)
			BeforeProcessingInitializeOnLoad (2ms)
			ProcessInitializeOnLoadAttributes (106ms)
			ProcessInitializeOnLoadMethodAttributes (45ms)
			AfterProcessingInitializeOnLoad (0ms)
			EditorAssembliesLoaded (0ms)
		ExecutionOrderSort2 (0ms)
		AwakeInstancesAfterBackupRestoration (0ms)
========================================================================
Worker process is ready to serve import requests
Begin MonoManager ReloadAssembly
Symbol file LoadedFromMemory doesn't match image C:\Users\J\2D project\Library\PackageCache\com.unity.visualscripting@1.8.0\Editor\VisualScripting.Core\Dependencies\YamlDotNet\Unity.VisualScripting.YamlDotNet.dll
Symbol file LoadedFromMemory doesn't match image C:\Users\J\2D project\Library\PackageCache\com.unity.visualscripting@1.8.0\Editor\VisualScripting.Core\Dependencies\DotNetZip\Unity.VisualScripting.IonicZip.dll
- Loaded All Assemblies, in  0.538 seconds
Refreshing native plugins compatible for Editor in 3.59 ms, found 4 plugins.
Native extension for WindowsStandalone target not found
Native extension for WebGL target not found
Mono: successfully reloaded assembly
- Finished resetting the current domain, in  0.425 seconds
Domain Reload Profiling: 961ms
	BeginReloadAssembly (94ms)
		ExecutionOrderSort (0ms)
		DisableScriptedObjects (4ms)
		BackupInstance (0ms)
		ReleaseScriptingObjects (0ms)
		CreateAndSetChildDomain (15ms)
	RebuildCommonClasses (25ms)
	RebuildNativeTypeToScriptingClass (8ms)
	initialDomainReloadingComplete (33ms)
	LoadAllAssembliesAndSetupDomain (376ms)
		LoadAssemblies (205ms)
		RebuildTransferFunctionScriptingTraits (0ms)
		AnalyzeDomain (215ms)
			TypeCache.Refresh (197ms)
				TypeCache.ScanAssembly (188ms)
			ScanForSourceGeneratedMonoScriptInfo (15ms)
			ResolveRequiredComponents (3ms)
	FinalizeReload (425ms)
		ReleaseScriptCaches (0ms)
		RebuildScriptCaches (0ms)
		SetupLoadedEditorAssemblies (312ms)
			LogAssemblyErrors (0ms)
			InitializePlatformSupportModulesInManaged (6ms)
			SetLoadedEditorAssemblies (3ms)
			RefreshPlugins (0ms)
			BeforeProcessingInitializeOnLoad (54ms)
			ProcessInitializeOnLoadAttributes (210ms)
			ProcessInitializeOnLoadMethodAttributes (34ms)
			AfterProcessingInitializeOnLoad (5ms)
			EditorAssembliesLoaded (0ms)
		ExecutionOrderSort2 (0ms)
		AwakeInstancesAfterBackupRestoration (4ms)
Launched and connected shader compiler UnityShaderCompiler.exe after 0.04 seconds
Refreshing native plugins compatible for Editor in 3.13 ms, found 4 plugins.
Preloading 0 native plugins for Editor in 0.00 ms.
Unloading 3998 Unused Serialized files (Serialized files now loaded: 0)
Unloading 69 unused Assets / (245.1 KB). Loaded Objects now: 4456.
Memory consumption went from 138.7 MB to 138.5 MB.
Total: 2.639500 ms (FindLiveObjects: 0.227300 ms CreateObjectMapping: 0.106900 ms MarkObjects: 2.142200 ms  DeleteObjects: 0.162000 ms)

AssetImportParameters requested are different than current active one (requested -> active):
  custom:container-demuxer-ogg: 62fdf1f143b41e24485cea50d1cbac27 -> 
  custom:video-decoder-ogg-theora: a1e56fd34408186e4bbccfd4996cb3dc -> 
  custom:framework-win-MediaFoundation: 216162199b28c13a410421893ffa2e32 -> 
  custom:container-demuxer-webm: 4f35f7cbe854078d1ac9338744f61a02 -> 
  custom:container-muxer-webm: aa71ff27fc2769a1b78a27578f13a17b -> 
  custom:video-decoder-webm-vp8: 9c59270c3fd7afecdb556c50c9e8de78 -> 
  custom:AudioImporter_EditorPlatform: d09bf68614088b80899f8185d706f6e7 -> 
  custom:video-encoder-webm-vp8: eb34c28f22e8b96e1ab97ce403110664 -> 
  custom:audio-decoder-ogg-vorbis: bf7c407c2cedff20999df2af8eb42d56 -> 
  custom:audio-encoder-webm-vorbis: bf7c407c2cedff20999df2af8eb42d56 -> 
========================================================================
Received Import Request.
  Time since last request: 255873.703375 seconds.
  path: Assets/Brackeys/2D Mega Pack/Shapes/Diamond.png
  artifactKey: Guid(37616095ebf53744c950962f33663458) Importer(815301076,1909f56bfc062723c751e8b465ee728b)
Start importing Assets/Brackeys/2D Mega Pack/Shapes/Diamond.png using Guid(37616095ebf53744c950962f33663458) Importer(815301076,1909f56bfc062723c751e8b465ee728b)  -> (artifact id: '8f52d1e894fea7f482bad6fad74c0b43') in 0.102250 seconds
Number of updated asset objects reloaded before import = 0
Number of asset objects unloaded after import = 3
========================================================================
Received Import Request.
  Time since last request: 7.797116 seconds.
  path: Assets/Brackeys/2D Mega Pack/-- Example Photos --/Farm Example.png
  artifactKey: Guid(67a5f1872968ee9419119635bfcbf33d) Importer(815301076,1909f56bfc062723c751e8b465ee728b)
Start importing Assets/Brackeys/2D Mega Pack/-- Example Photos --/Farm Example.png using Guid(67a5f1872968ee9419119635bfcbf33d) Importer(815301076,1909f56bfc062723c751e8b465ee728b)  -> (artifact id: '1ca7d9b01769eba1089c783780598bf8') in 0.042148 seconds
Number of updated asset objects reloaded before import = 0
Number of asset objects unloaded after import = 3
========================================================================
Received Import Request.
  Time since last request: 0.000021 seconds.
  path: Assets/Brackeys/2D Mega Pack/-- Example Photos --/Gold Miner Example.png
  artifactKey: Guid(0eee6b3f41fb0134d80930957ef67fb6) Importer(815301076,1909f56bfc062723c751e8b465ee728b)
Start importing Assets/Brackeys/2D Mega Pack/-- Example Photos --/Gold Miner Example.png using Guid(0eee6b3f41fb0134d80930957ef67fb6) Importer(815301076,1909f56bfc062723c751e8b465ee728b)  -> (artifact id: '7009924d458428af6b86bd02108da7a5') in 0.061377 seconds
Number of updated asset objects reloaded before import = 0
Number of asset objects unloaded after import = 3
========================================================================
Received Import Request.
  Time since last request: 0.000024 seconds.
  path: Assets/Brackeys/2D Mega Pack/-- Example Photos --/Pong Example.png
  artifactKey: Guid(8de1383f09bd7e447bfaaa8c2e6c0219) Importer(815301076,1909f56bfc062723c751e8b465ee728b)
Start importing Assets/Brackeys/2D Mega Pack/-- Example Photos --/Pong Example.png using Guid(8de1383f09bd7e447bfaaa8c2e6c0219) Importer(815301076,1909f56bfc062723c751e8b465ee728b)  -> (artifact id: '41ed00d1104a19d36f038dec1d8a6d5b') in 0.045894 seconds
Number of updated asset objects reloaded before import = 0
Number of asset objects unloaded after import = 3
========================================================================
Received Import Request.
  Time since last request: 15.695781 seconds.
  path: Assets/Brackeys/2D Mega Pack/Items & Icons/Grungy/WoodCrate.png
  artifactKey: Guid(082f7453675a9e3468a060e0b75fafc7) Importer(815301076,1909f56bfc062723c751e8b465ee728b)
Start importing Assets/Brackeys/2D Mega Pack/Items & Icons/Grungy/WoodCrate.png using Guid(082f7453675a9e3468a060e0b75fafc7) Importer(815301076,1909f56bfc062723c751e8b465ee728b)  -> (artifact id: '65edb0a452e78444762751f5bb157195') in 0.025816 seconds
Number of updated asset objects reloaded before import = 0
Number of asset objects unloaded after import = 3
========================================================================
Received Import Request.
  Time since last request: 1.736770 seconds.
  path: Assets/Brackeys/2D Mega Pack/Items & Icons/Minimalistic/MidLine.png
  artifactKey: Guid(96a46c8d2a33f494e82f6385dfdbcc26) Importer(815301076,1909f56bfc062723c751e8b465ee728b)
Start importing Assets/Brackeys/2D Mega Pack/Items & Icons/Minimalistic/MidLine.png using Guid(96a46c8d2a33f494e82f6385dfdbcc26) Importer(815301076,1909f56bfc062723c751e8b465ee728b)  -> (artifact id: '14dad4d1eb4c622f6f53733c5f21304f') in 0.034784 seconds
Number of updated asset objects reloaded before import = 0
Number of asset objects unloaded after import = 3
========================================================================
Received Import Request.
  Time since last request: 1.807685 seconds.
  path: Assets/Brackeys/2D Mega Pack/Items & Icons/Cute/DinnerTable.png
  artifactKey: Guid(e11c6e74230e7c840a3fbcf8989cb499) Importer(815301076,1909f56bfc062723c751e8b465ee728b)
Start importing Assets/Brackeys/2D Mega Pack/Items & Icons/Cute/DinnerTable.png using Guid(e11c6e74230e7c840a3fbcf8989cb499) Importer(815301076,1909f56bfc062723c751e8b465ee728b)  -> (artifact id: '2b2547ecf47edcf1b791eaa45526de43') in 0.016925 seconds
Number of updated asset objects reloaded before import = 0
Number of asset objects unloaded after import = 3
========================================================================
Received Import Request.
  Time since last request: 0.000023 seconds.
  path: Assets/Brackeys/2D Mega Pack/Items & Icons/Cute/DinnerTable2.png
  artifactKey: Guid(6f082b6ddb44f9745a815afaaf44245a) Importer(815301076,1909f56bfc062723c751e8b465ee728b)
Start importing Assets/Brackeys/2D Mega Pack/Items & Icons/Cute/DinnerTable2.png using Guid(6f082b6ddb44f9745a815afaaf44245a) Importer(815301076,1909f56bfc062723c751e8b465ee728b)  -> (artifact id: 'a696a30d9cfdf4be264e259b06eea161') in 0.020184 seconds
Number of updated asset objects reloaded before import = 0
Number of asset objects unloaded after import = 3
========================================================================
Received Import Request.
  Time since last request: 1.799017 seconds.
  path: Assets/Brackeys/2D Mega Pack/Items & Icons/Arcade/Bullet.png
  artifactKey: Guid(89676eea46ffbb2499fc4723811a023c) Importer(815301076,1909f56bfc062723c751e8b465ee728b)
Start importing Assets/Brackeys/2D Mega Pack/Items & Icons/Arcade/Bullet.png using Guid(89676eea46ffbb2499fc4723811a023c) Importer(815301076,1909f56bfc062723c751e8b465ee728b)  -> (artifact id: 'f79349354e2b8601494f3e3a2c4d09e4') in 0.024401 seconds
Number of updated asset objects reloaded before import = 0
Number of asset objects unloaded after import = 3
========================================================================
Received Import Request.
  Time since last request: 0.000016 seconds.
  path: Assets/Brackeys/2D Mega Pack/Items & Icons/Arcade/Spawn.png
  artifactKey: Guid(d5983714f6e6d7240a55fc92c9d26e26) Importer(815301076,1909f56bfc062723c751e8b465ee728b)
Start importing Assets/Brackeys/2D Mega Pack/Items & Icons/Arcade/Spawn.png using Guid(d5983714f6e6d7240a55fc92c9d26e26) Importer(815301076,1909f56bfc062723c751e8b465ee728b)  -> (artifact id: '524963e3bc99e380e1ed1235311819a6') in 0.013907 seconds
Number of updated asset objects reloaded before import = 0
Number of asset objects unloaded after import = 3
========================================================================
Received Import Request.
  Time since last request: 0.000047 seconds.
  path: Assets/Brackeys/2D Mega Pack/Items & Icons/Arcade/GreenDoor.png
  artifactKey: Guid(6c62f9f80bfca5742836d07ad218acb0) Importer(815301076,1909f56bfc062723c751e8b465ee728b)
Start importing Assets/Brackeys/2D Mega Pack/Items & Icons/Arcade/GreenDoor.png using Guid(6c62f9f80bfca5742836d07ad218acb0) Importer(815301076,1909f56bfc062723c751e8b465ee728b)  -> (artifact id: '6bdb6fa732b19d4a0c0ebfde3e34b806') in 0.012109 seconds
Number of updated asset objects reloaded before import = 0
Number of asset objects unloaded after import = 3
========================================================================
Received Import Request.
  Time since last request: 1.617145 seconds.
  path: Assets/Brackeys/2D Mega Pack/Items & Icons/Stick Figure-like/Tank.png
  artifactKey: Guid(99339aba5d228704ab7de4b62ded388d) Importer(815301076,1909f56bfc062723c751e8b465ee728b)
Start importing Assets/Brackeys/2D Mega Pack/Items & Icons/Stick Figure-like/Tank.png using Guid(99339aba5d228704ab7de4b62ded388d) Importer(815301076,1909f56bfc062723c751e8b465ee728b)  -> (artifact id: '5c16d5cc5af7c7e0ca17062c32884ebc') in 0.038234 seconds
Number of updated asset objects reloaded before import = 0
Number of asset objects unloaded after import = 3
========================================================================
Received Import Request.
  Time since last request: 1.651142 seconds.
  path: Assets/Brackeys/2D Mega Pack/Items & Icons/Pixel Art/Coin.png
  artifactKey: Guid(d2c0dc76eca05bb4eb4f3fc4a37f258d) Importer(815301076,1909f56bfc062723c751e8b465ee728b)
Start importing Assets/Brackeys/2D Mega Pack/Items & Icons/Pixel Art/Coin.png using Guid(d2c0dc76eca05bb4eb4f3fc4a37f258d) Importer(815301076,1909f56bfc062723c751e8b465ee728b)  -> (artifact id: '3b57cf2d6b6b5f12e72203dc9ec7edd1') in 0.013833 seconds
Number of updated asset objects reloaded before import = 0
Number of asset objects unloaded after import = 3
========================================================================
Received Import Request.
  Time since last request: 0.000024 seconds.
  path: Assets/Brackeys/2D Mega Pack/Items & Icons/Pixel Art/Friendly Army.png
  artifactKey: Guid(9af35dcba929e4d4e864929c8597e626) Importer(815301076,1909f56bfc062723c751e8b465ee728b)
Start importing Assets/Brackeys/2D Mega Pack/Items & Icons/Pixel Art/Friendly Army.png using Guid(9af35dcba929e4d4e864929c8597e626) Importer(815301076,1909f56bfc062723c751e8b465ee728b)  -> (artifact id: 'e79f27227a2fa1ed98d798efc4744023') in 0.016169 seconds
Number of updated asset objects reloaded before import = 0
Number of asset objects unloaded after import = 3
========================================================================
Received Import Request.
  Time since last request: 0.000035 seconds.
  path: Assets/Brackeys/2D Mega Pack/Items & Icons/Pixel Art/World Ender.png
  artifactKey: Guid(5c08bbcce060bf24c8074d9f4d593e63) Importer(815301076,1909f56bfc062723c751e8b465ee728b)
Start importing Assets/Brackeys/2D Mega Pack/Items & Icons/Pixel Art/World Ender.png using Guid(5c08bbcce060bf24c8074d9f4d593e63) Importer(815301076,1909f56bfc062723c751e8b465ee728b)  -> (artifact id: '26f881258f18d982941e2996f75c81ac') in 0.018624 seconds
Number of updated asset objects reloaded before import = 0
Number of asset objects unloaded after import = 3
========================================================================
Received Import Request.
  Time since last request: 0.000020 seconds.
  path: Assets/Brackeys/2D Mega Pack/Items & Icons/Pixel Art/Rock.png
  artifactKey: Guid(99bbc83bebbd36849b732a06e55ad60e) Importer(815301076,1909f56bfc062723c751e8b465ee728b)
Start importing Assets/Brackeys/2D Mega Pack/Items & Icons/Pixel Art/Rock.png using Guid(99bbc83bebbd36849b732a06e55ad60e) Importer(815301076,1909f56bfc062723c751e8b465ee728b)  -> (artifact id: '8b5cf75f5f84481d63d4876cbfed9957') in 0.013913 seconds
Number of updated asset objects reloaded before import = 0
Number of asset objects unloaded after import = 3
========================================================================
Received Import Request.
  Time since last request: 0.000014 seconds.
  path: Assets/Brackeys/2D Mega Pack/Items & Icons/Pixel Art/Slaves.png
  artifactKey: Guid(20326c3417635e54aa90c686a42a4875) Importer(815301076,1909f56bfc062723c751e8b465ee728b)
Start importing Assets/Brackeys/2D Mega Pack/Items & Icons/Pixel Art/Slaves.png using Guid(20326c3417635e54aa90c686a42a4875) Importer(815301076,1909f56bfc062723c751e8b465ee728b)  -> (artifact id: 'c0ccab4444900b1d5bbb90641dd162b2') in 0.012875 seconds
Number of updated asset objects reloaded before import = 0
Number of asset objects unloaded after import = 3
========================================================================
Received Import Request.
  Time since last request: 0.000018 seconds.
  path: Assets/Brackeys/2D Mega Pack/Items & Icons/Pixel Art/Enemy Army.png
  artifactKey: Guid(d394cd193965f51409c82f41da637c55) Importer(815301076,1909f56bfc062723c751e8b465ee728b)
Start importing Assets/Brackeys/2D Mega Pack/Items & Icons/Pixel Art/Enemy Army.png using Guid(d394cd193965f51409c82f41da637c55) Importer(815301076,1909f56bfc062723c751e8b465ee728b)  -> (artifact id: '3336f3e1f0f2ef71323ddfc90fe9b76c') in 0.012239 seconds
Number of updated asset objects reloaded before import = 0
Number of asset objects unloaded after import = 3
========================================================================
Received Import Request.
  Time since last request: 0.000015 seconds.
  path: Assets/Brackeys/2D Mega Pack/Items & Icons/Pixel Art/MagicEssence.png
  artifactKey: Guid(8a14f58b4b600a24ab3fcf9cb3bc82fb) Importer(815301076,1909f56bfc062723c751e8b465ee728b)
Start importing Assets/Brackeys/2D Mega Pack/Items & Icons/Pixel Art/MagicEssence.png using Guid(8a14f58b4b600a24ab3fcf9cb3bc82fb) Importer(815301076,1909f56bfc062723c751e8b465ee728b)  -> (artifact id: 'df6efacd2b9b791ca50c6d81c1109f56') in 0.014664 seconds
Number of updated asset objects reloaded before import = 0
Number of asset objects unloaded after import = 3
========================================================================
Received Import Request.
  Time since last request: 0.000024 seconds.
  path: Assets/Brackeys/2D Mega Pack/Items & Icons/Pixel Art/TheRing.png
  artifactKey: Guid(ec3f5c9d06947e7458e9626551938feb) Importer(815301076,1909f56bfc062723c751e8b465ee728b)
Start importing Assets/Brackeys/2D Mega Pack/Items & Icons/Pixel Art/TheRing.png using Guid(ec3f5c9d06947e7458e9626551938feb) Importer(815301076,1909f56bfc062723c751e8b465ee728b)  -> (artifact id: '963efb73d686866a26939683ebff45e2') in 0.019844 seconds
Number of updated asset objects reloaded before import = 0
Number of asset objects unloaded after import = 3
========================================================================
Received Import Request.
  Time since last request: 0.000014 seconds.
  path: Assets/Brackeys/2D Mega Pack/Items & Icons/Pixel Art/Sheep.png
  artifactKey: Guid(6a6c98a6079537844ab0f7b2b45425b3) Importer(815301076,1909f56bfc062723c751e8b465ee728b)
Start importing Assets/Brackeys/2D Mega Pack/Items & Icons/Pixel Art/Sheep.png using Guid(6a6c98a6079537844ab0f7b2b45425b3) Importer(815301076,1909f56bfc062723c751e8b465ee728b)  -> (artifact id: '17f64cea190b31a771b034b06e0f21cd') in 0.015018 seconds
Number of updated asset objects reloaded before import = 0
Number of asset objects unloaded after import = 3
========================================================================
Received Import Request.
  Time since last request: 0.000019 seconds.
  path: Assets/Brackeys/2D Mega Pack/Items & Icons/Pixel Art/Fire.png
  artifactKey: Guid(80e159dab3e6f1142bc5062eb184ccaf) Importer(815301076,1909f56bfc062723c751e8b465ee728b)
Start importing Assets/Brackeys/2D Mega Pack/Items & Icons/Pixel Art/Fire.png using Guid(80e159dab3e6f1142bc5062eb184ccaf) Importer(815301076,1909f56bfc062723c751e8b465ee728b)  -> (artifact id: 'b4cdf1f98480960b8b8475b462238ff6') in 0.031364 seconds
Number of updated asset objects reloaded before import = 0
Number of asset objects unloaded after import = 3
========================================================================
Received Import Request.
  Time since last request: 6.432790 seconds.
  path: Assets/Brackeys/2D Mega Pack/Environment/Mountains&Platforms.png
  artifactKey: Guid(87b209f140a1f3c408061c67de42043c) Importer(815301076,1909f56bfc062723c751e8b465ee728b)
Start importing Assets/Brackeys/2D Mega Pack/Environment/Mountains&Platforms.png using Guid(87b209f140a1f3c408061c67de42043c) Importer(815301076,1909f56bfc062723c751e8b465ee728b)  -> (artifact id: '3e7324867cbff424c906fcaef2c2bbd2') in 0.057892 seconds
Number of updated asset objects reloaded before import = 0
Number of asset objects unloaded after import = 10
========================================================================
Received Import Request.
  Time since last request: 7.197681 seconds.
  path: Assets/Brackeys/2D Mega Pack/Environment/Gold Miner/Pyramids.png
  artifactKey: Guid(9fdc2b7e1a8abbb4b88b95e2a3f4eb56) Importer(815301076,1909f56bfc062723c751e8b465ee728b)
Start importing Assets/Brackeys/2D Mega Pack/Environment/Gold Miner/Pyramids.png using Guid(9fdc2b7e1a8abbb4b88b95e2a3f4eb56) Importer(815301076,1909f56bfc062723c751e8b465ee728b)  -> (artifact id: 'eaa674c6e0c3132b06a41319fad5ea9d') in 0.035455 seconds
Number of updated asset objects reloaded before import = 0
Number of asset objects unloaded after import = 3
========================================================================
Received Import Request.
  Time since last request: 2.819998 seconds.
  path: Assets/Brackeys/2D Mega Pack/Characters/Detective.png
  artifactKey: Guid(f776e2e9690501e41a2e5b81ceb440b9) Importer(815301076,1909f56bfc062723c751e8b465ee728b)
Start importing Assets/Brackeys/2D Mega Pack/Characters/Detective.png using Guid(f776e2e9690501e41a2e5b81ceb440b9) Importer(815301076,1909f56bfc062723c751e8b465ee728b)  -> (artifact id: 'f8b7215e4c647bf70b204be780ea7c3d') in 0.140501 seconds
Number of updated asset objects reloaded before import = 0
Number of asset objects unloaded after import = 18
========================================================================
Received Import Request.
  Time since last request: 0.000024 seconds.
  path: Assets/Brackeys/2D Mega Pack/Characters/Miner.png
  artifactKey: Guid(774fe8dccef69a44d9179e4529aea50c) Importer(815301076,1909f56bfc062723c751e8b465ee728b)
Start importing Assets/Brackeys/2D Mega Pack/Characters/Miner.png using Guid(774fe8dccef69a44d9179e4529aea50c) Importer(815301076,1909f56bfc062723c751e8b465ee728b)  -> (artifact id: '55136bd1d104ef5ad9886b17ef2495f0') in 0.016483 seconds
Number of updated asset objects reloaded before import = 0
Number of asset objects unloaded after import = 3
========================================================================
Received Import Request.
  Time since last request: 5.034968 seconds.
  path: Assets/Brackeys/2D Mega Pack/Enemies/Canon.png
  artifactKey: Guid(8bfadec067237c04ab16144f6847e733) Importer(815301076,1909f56bfc062723c751e8b465ee728b)
Start importing Assets/Brackeys/2D Mega Pack/Enemies/Canon.png using Guid(8bfadec067237c04ab16144f6847e733) Importer(815301076,1909f56bfc062723c751e8b465ee728b)  -> (artifact id: 'd8d387a06ee6e665639ac14abc7572ee') in 0.030341 seconds
Number of updated asset objects reloaded before import = 0
Number of asset objects unloaded after import = 3
========================================================================
Received Import Request.
  Time since last request: 1.625390 seconds.
  path: Assets/Brackeys/2D Mega Pack/Effects/Muzzleflash1.png
  artifactKey: Guid(537061d6ab4addf439f918145d65123e) Importer(815301076,1909f56bfc062723c751e8b465ee728b)
Start importing Assets/Brackeys/2D Mega Pack/Effects/Muzzleflash1.png using Guid(537061d6ab4addf439f918145d65123e) Importer(815301076,1909f56bfc062723c751e8b465ee728b)  -> (artifact id: '4207aaf24c311f4fc1a1b6ca82c7dbd4') in 0.025857 seconds
Number of updated asset objects reloaded before import = 0
Number of asset objects unloaded after import = 3
========================================================================
Received Import Request.
  Time since last request: 0.000020 seconds.
  path: Assets/Brackeys/2D Mega Pack/Effects/Muzzleflash2.png
  artifactKey: Guid(8dc86788c2b5b6f4c8c37280a947161a) Importer(815301076,1909f56bfc062723c751e8b465ee728b)
Start importing Assets/Brackeys/2D Mega Pack/Effects/Muzzleflash2.png using Guid(8dc86788c2b5b6f4c8c37280a947161a) Importer(815301076,1909f56bfc062723c751e8b465ee728b)  -> (artifact id: '28653df256078033f6267a5372b637be') in 0.014597 seconds
Number of updated asset objects reloaded before import = 0
Number of asset objects unloaded after import = 3
========================================================================
Received Import Request.
  Time since last request: 25.393582 seconds.
  path: Assets/Brackeys/2D Mega Pack/Weapons & Tools/FishingRod.png
  artifactKey: Guid(1959adfdc5c338840858eec9307f0184) Importer(815301076,1909f56bfc062723c751e8b465ee728b)
Start importing Assets/Brackeys/2D Mega Pack/Weapons & Tools/FishingRod.png using Guid(1959adfdc5c338840858eec9307f0184) Importer(815301076,1909f56bfc062723c751e8b465ee728b)  -> (artifact id: '6103a2a0ee8455ff69094c81bd489711') in 0.028263 seconds
Number of updated asset objects reloaded before import = 0
Number of asset objects unloaded after import = 3
========================================================================
Received Import Request.
  Time since last request: 0.000024 seconds.
  path: Assets/Brackeys/2D Mega Pack/Weapons & Tools/Staff.png
  artifactKey: Guid(3aa1cb26afcdc244bb3a95c193575ecb) Importer(815301076,1909f56bfc062723c751e8b465ee728b)
Start importing Assets/Brackeys/2D Mega Pack/Weapons & Tools/Staff.png using Guid(3aa1cb26afcdc244bb3a95c193575ecb) Importer(815301076,1909f56bfc062723c751e8b465ee728b)  -> (artifact id: '618efc6485438c908c3fde3913ca48d3') in 0.016060 seconds
Number of updated asset objects reloaded before import = 0
Number of asset objects unloaded after import = 3
========================================================================
Received Import Request.
  Time since last request: 0.000031 seconds.
  path: Assets/Brackeys/2D Mega Pack/Weapons & Tools/Spear.png
  artifactKey: Guid(bf28d1ab5e5c42e4aa2c9b729c09fce3) Importer(815301076,1909f56bfc062723c751e8b465ee728b)
Start importing Assets/Brackeys/2D Mega Pack/Weapons & Tools/Spear.png using Guid(bf28d1ab5e5c42e4aa2c9b729c09fce3) Importer(815301076,1909f56bfc062723c751e8b465ee728b)  -> (artifact id: 'f80e2caabfeb91af7f8f4e26c2c09116') in 0.017116 seconds
Number of updated asset objects reloaded before import = 0
Number of asset objects unloaded after import = 3
========================================================================
Received Import Request.
  Time since last request: 3.744782 seconds.
  path: Assets/Brackeys/2D Mega Pack/Food & Plants/Vegetation/Flower3.png
  artifactKey: Guid(090685ddfa394cd439be5ce36d30362c) Importer(815301076,1909f56bfc062723c751e8b465ee728b)
Start importing Assets/Brackeys/2D Mega Pack/Food & Plants/Vegetation/Flower3.png using Guid(090685ddfa394cd439be5ce36d30362c) Importer(815301076,1909f56bfc062723c751e8b465ee728b)  -> (artifact id: '80a20b666e85337abb3451131b4aacb8') in 0.016311 seconds
Number of updated asset objects reloaded before import = 0
Number of asset objects unloaded after import = 3
========================================================================
Received Import Request.
  Time since last request: 0.000013 seconds.
  path: Assets/Brackeys/2D Mega Pack/Food & Plants/Vegetation/Moss2.png
  artifactKey: Guid(0cb3ff515b441e74db95c101044704ed) Importer(815301076,1909f56bfc062723c751e8b465ee728b)
Start importing Assets/Brackeys/2D Mega Pack/Food & Plants/Vegetation/Moss2.png using Guid(0cb3ff515b441e74db95c101044704ed) Importer(815301076,1909f56bfc062723c751e8b465ee728b)  -> (artifact id: '4dced3c9568f0b1ec8975367021aa8f0') in 0.017857 seconds
Number of updated asset objects reloaded before import = 0
Number of asset objects unloaded after import = 3
========================================================================
Received Import Request.
  Time since last request: 0.000019 seconds.
  path: Assets/Brackeys/2D Mega Pack/Food & Plants/Vegetation/Grass1.png
  artifactKey: Guid(edc14a86877cec2468c4b68b83ce0875) Importer(815301076,1909f56bfc062723c751e8b465ee728b)
Start importing Assets/Brackeys/2D Mega Pack/Food & Plants/Vegetation/Grass1.png using Guid(edc14a86877cec2468c4b68b83ce0875) Importer(815301076,1909f56bfc062723c751e8b465ee728b)  -> (artifact id: 'ac368b5b6d457bf8dcfe8a7cca626a75') in 0.032765 seconds
Number of updated asset objects reloaded before import = 0
Number of asset objects unloaded after import = 3
========================================================================
Received Import Request.
  Time since last request: 1.436708 seconds.
  path: Assets/Brackeys/2D Mega Pack/Food & Plants/Crops/Aubergine_Seed.png
  artifactKey: Guid(3e219d5964d7ef1408da169b0cbdbcb6) Importer(815301076,1909f56bfc062723c751e8b465ee728b)
Start importing Assets/Brackeys/2D Mega Pack/Food & Plants/Crops/Aubergine_Seed.png using Guid(3e219d5964d7ef1408da169b0cbdbcb6) Importer(815301076,1909f56bfc062723c751e8b465ee728b)  -> (artifact id: '02374647c155fb1a731d220effa99e7c') in 0.028024 seconds
Number of updated asset objects reloaded before import = 0
Number of asset objects unloaded after import = 3
========================================================================
Received Import Request.
  Time since last request: 0.000016 seconds.
  path: Assets/Brackeys/2D Mega Pack/Food & Plants/Crops/Potatoes_Dead.png
  artifactKey: Guid(a8343aa03d794694799a54194fab3f04) Importer(815301076,1909f56bfc062723c751e8b465ee728b)
Start importing Assets/Brackeys/2D Mega Pack/Food & Plants/Crops/Potatoes_Dead.png using Guid(a8343aa03d794694799a54194fab3f04) Importer(815301076,1909f56bfc062723c751e8b465ee728b)  -> (artifact id: '3588ec5f3c3def97bf6defbd376ce3ff') in 0.021115 seconds
Number of updated asset objects reloaded before import = 0
Number of asset objects unloaded after import = 3
========================================================================
Received Import Request.
  Time since last request: 0.000029 seconds.
  path: Assets/Brackeys/2D Mega Pack/Food & Plants/Crops/Strawberries_Seed.png
  artifactKey: Guid(0ab91e9d95a123540a91a4bdf095faf1) Importer(815301076,1909f56bfc062723c751e8b465ee728b)
Start importing Assets/Brackeys/2D Mega Pack/Food & Plants/Crops/Strawberries_Seed.png using Guid(0ab91e9d95a123540a91a4bdf095faf1) Importer(815301076,1909f56bfc062723c751e8b465ee728b)  -> (artifact id: '8fd748c409985e8c982641653e15dab5') in 0.024119 seconds
Number of updated asset objects reloaded before import = 0
Number of asset objects unloaded after import = 3
========================================================================
Received Import Request.
  Time since last request: 0.000026 seconds.
  path: Assets/Brackeys/2D Mega Pack/Food & Plants/Crops/Strawberries_Dead.png
  artifactKey: Guid(c5f12c5adb77b024cac679026c500fe4) Importer(815301076,1909f56bfc062723c751e8b465ee728b)
Start importing Assets/Brackeys/2D Mega Pack/Food & Plants/Crops/Strawberries_Dead.png using Guid(c5f12c5adb77b024cac679026c500fe4) Importer(815301076,1909f56bfc062723c751e8b465ee728b)  -> (artifact id: '463902aad3329de2eb1e1844ea0dd734') in 0.018956 seconds
Number of updated asset objects reloaded before import = 0
Number of asset objects unloaded after import = 3
========================================================================
Received Import Request.
  Time since last request: 6.401214 seconds.
  path: Assets/Brackeys/2D Mega Pack/Backgrounds/BrickBackground.png
  artifactKey: Guid(fdfb3796a96b09f45b7ed20555d95926) Importer(815301076,1909f56bfc062723c751e8b465ee728b)
Start importing Assets/Brackeys/2D Mega Pack/Backgrounds/BrickBackground.png using Guid(fdfb3796a96b09f45b7ed20555d95926) Importer(815301076,1909f56bfc062723c751e8b465ee728b)  -> (artifact id: 'c8650b5e1c05abe321f81239c38fa408') in 0.021112 seconds
Number of updated asset objects reloaded before import = 0
Number of asset objects unloaded after import = 3
========================================================================
Received Import Request.
  Time since last request: 0.000022 seconds.
  path: Assets/Brackeys/2D Mega Pack/Backgrounds/DarkBackground.png
  artifactKey: Guid(50d72038d4682bd408a711176db21098) Importer(815301076,1909f56bfc062723c751e8b465ee728b)
Start importing Assets/Brackeys/2D Mega Pack/Backgrounds/DarkBackground.png using Guid(50d72038d4682bd408a711176db21098) Importer(815301076,1909f56bfc062723c751e8b465ee728b)  -> (artifact id: '22acfd503a3d193b7d44de21ae9cc6ab') in 0.040999 seconds
Number of updated asset objects reloaded before import = 0
Number of asset objects unloaded after import = 3
========================================================================
Received Import Request.
  Time since last request: 12.579846 seconds.
  path: Assets/Brackeys/2D Mega Pack/Environment/Gothic/DoorUp.png
  artifactKey: Guid(873b702d28a40a440a73c97c21d9fb57) Importer(815301076,1909f56bfc062723c751e8b465ee728b)
Start importing Assets/Brackeys/2D Mega Pack/Environment/Gothic/DoorUp.png using Guid(873b702d28a40a440a73c97c21d9fb57) Importer(815301076,1909f56bfc062723c751e8b465ee728b)  -> (artifact id: '800b4c85f880d661fa145988f2f082b9') in 0.025659 seconds
Number of updated asset objects reloaded before import = 0
Number of asset objects unloaded after import = 3
========================================================================
Received Import Request.
  Time since last request: 0.000024 seconds.
  path: Assets/Brackeys/2D Mega Pack/Environment/Gothic/Pentagram.png
  artifactKey: Guid(e828181400a5c9e4a8a1be3357344d23) Importer(815301076,1909f56bfc062723c751e8b465ee728b)
Start importing Assets/Brackeys/2D Mega Pack/Environment/Gothic/Pentagram.png using Guid(e828181400a5c9e4a8a1be3357344d23) Importer(815301076,1909f56bfc062723c751e8b465ee728b)  -> (artifact id: '9c82cf1bbb8ec90d5080b90fad7fef74') in 0.023016 seconds
Number of updated asset objects reloaded before import = 0
Number of asset objects unloaded after import = 3
========================================================================
Received Import Request.
  Time since last request: 0.000021 seconds.
  path: Assets/Brackeys/2D Mega Pack/Environment/Gothic/Gravestone.png
  artifactKey: Guid(8467e1f58306e2a4f9fb7073a4f2b1a1) Importer(815301076,1909f56bfc062723c751e8b465ee728b)
Start importing Assets/Brackeys/2D Mega Pack/Environment/Gothic/Gravestone.png using Guid(8467e1f58306e2a4f9fb7073a4f2b1a1) Importer(815301076,1909f56bfc062723c751e8b465ee728b)  -> (artifact id: '4bd950a9a34b5488c52b3726ce1c18b0') in 0.023740 seconds
Number of updated asset objects reloaded before import = 0
Number of asset objects unloaded after import = 3
========================================================================
Received Import Request.
  Time since last request: 1.426970 seconds.
  path: Assets/Brackeys/2D Mega Pack/Environment/Grungy/Road.png
  artifactKey: Guid(bb0599f70babab94da85b4baa412a59b) Importer(815301076,1909f56bfc062723c751e8b465ee728b)
Start importing Assets/Brackeys/2D Mega Pack/Environment/Grungy/Road.png using Guid(bb0599f70babab94da85b4baa412a59b) Importer(815301076,1909f56bfc062723c751e8b465ee728b)  -> (artifact id: '4286151b0198d05245bc115d418299e0') in 0.039183 seconds
Number of updated asset objects reloaded before import = 0
Number of asset objects unloaded after import = 3
========================================================================
Received Import Request.
  Time since last request: 1.344570 seconds.
  path: Assets/Brackeys/2D Mega Pack/Environment/Stick Figure-like/Tree01.png
  artifactKey: Guid(74523066bc47fe84dbaa42e33b2e9adc) Importer(815301076,1909f56bfc062723c751e8b465ee728b)
Start importing Assets/Brackeys/2D Mega Pack/Environment/Stick Figure-like/Tree01.png using Guid(74523066bc47fe84dbaa42e33b2e9adc) Importer(815301076,1909f56bfc062723c751e8b465ee728b)  -> (artifact id: '6adb27b2abf3bb3fb7abed00f8ea3c4c') in 0.018872 seconds
Number of updated asset objects reloaded before import = 0
Number of asset objects unloaded after import = 3
========================================================================
Received Import Request.
  Time since last request: 0.000024 seconds.
  path: Assets/Brackeys/2D Mega Pack/Environment/Stick Figure-like/Tree02.png
  artifactKey: Guid(8ea677391b262534088109be38edb0f7) Importer(815301076,1909f56bfc062723c751e8b465ee728b)
Start importing Assets/Brackeys/2D Mega Pack/Environment/Stick Figure-like/Tree02.png using Guid(8ea677391b262534088109be38edb0f7) Importer(815301076,1909f56bfc062723c751e8b465ee728b)  -> (artifact id: 'a7206d52e719f50c58853d7325e51422') in 0.014990 seconds
Number of updated asset objects reloaded before import = 0
Number of asset objects unloaded after import = 3
========================================================================
Received Import Request.
  Time since last request: 1.709187 seconds.
  path: Assets/Brackeys/2D Mega Pack/Environment/Tiles/HollowTile.png
  artifactKey: Guid(096668a9e1bbbcf42a6e5773a5b591bc) Importer(815301076,1909f56bfc062723c751e8b465ee728b)
Start importing Assets/Brackeys/2D Mega Pack/Environment/Tiles/HollowTile.png using Guid(096668a9e1bbbcf42a6e5773a5b591bc) Importer(815301076,1909f56bfc062723c751e8b465ee728b)  -> (artifact id: 'b3bf71e4a11c12b3a9b5f7d79d84d06c') in 0.014068 seconds
Number of updated asset objects reloaded before import = 0
Number of asset objects unloaded after import = 3
========================================================================
Received Import Request.
  Time since last request: 0.000014 seconds.
  path: Assets/Brackeys/2D Mega Pack/Environment/Tiles/PlatformerTiles.png
  artifactKey: Guid(9d760526269e55b40898d45c96b2a15f) Importer(815301076,1909f56bfc062723c751e8b465ee728b)
Start importing Assets/Brackeys/2D Mega Pack/Environment/Tiles/PlatformerTiles.png using Guid(9d760526269e55b40898d45c96b2a15f) Importer(815301076,1909f56bfc062723c751e8b465ee728b)  -> (artifact id: 'c69b7ce87fb1b353df1e806fdf06748e') in 0.020371 seconds
Number of updated asset objects reloaded before import = 0
Number of asset objects unloaded after import = 5
========================================================================
Received Import Request.
  Time since last request: 5.174629 seconds.
  path: Assets/Brackeys/2D Mega Pack/Characters/Fantasy/DarkWizard.png
  artifactKey: Guid(31b17986fa5b13f4f9b7403589287a19) Importer(815301076,1909f56bfc062723c751e8b465ee728b)
Start importing Assets/Brackeys/2D Mega Pack/Characters/Fantasy/DarkWizard.png using Guid(31b17986fa5b13f4f9b7403589287a19) Importer(815301076,1909f56bfc062723c751e8b465ee728b)  -> (artifact id: '51ae6a9432e9866f1b37cb5da8c4c4de') in 0.021021 seconds
Number of updated asset objects reloaded before import = 0
Number of asset objects unloaded after import = 3
========================================================================
Received Import Request.
  Time since last request: 0.000020 seconds.
  path: Assets/Brackeys/2D Mega Pack/Characters/Fantasy/Troll.png
  artifactKey: Guid(07f23995d5720bd4d9cd266799cef6fb) Importer(815301076,1909f56bfc062723c751e8b465ee728b)
Start importing Assets/Brackeys/2D Mega Pack/Characters/Fantasy/Troll.png using Guid(07f23995d5720bd4d9cd266799cef6fb) Importer(815301076,1909f56bfc062723c751e8b465ee728b)  -> (artifact id: 'bac3b188b24f362a4653c940f2ba89cc') in 0.016296 seconds
Number of updated asset objects reloaded before import = 0
Number of asset objects unloaded after import = 3
========================================================================
Received Import Request.
  Time since last request: 22.770012 seconds.
  path: Assets/Brackeys/2D Mega Pack/Sounds/ButtonPress.wav
  artifactKey: Guid(00b18e15346f38a4e8535ac98e4ac9ee) Importer(815301076,1909f56bfc062723c751e8b465ee728b)
Start importing Assets/Brackeys/2D Mega Pack/Sounds/ButtonPress.wav using Guid(00b18e15346f38a4e8535ac98e4ac9ee) Importer(815301076,1909f56bfc062723c751e8b465ee728b)  -> (artifact id: '143c22ce6affe6166e0949086d9c76e0') in 0.051373 seconds
Number of updated asset objects reloaded before import = 0
Number of asset objects unloaded after import = 2
========================================================================
Received Import Request.
  Time since last request: 0.910736 seconds.
  path: Assets/Brackeys/2D Mega Pack/Platforms/Platform_Outline.png
  artifactKey: Guid(662d1569d83ae68469880e52c5214ece) Importer(815301076,1909f56bfc062723c751e8b465ee728b)
Start importing Assets/Brackeys/2D Mega Pack/Platforms/Platform_Outline.png using Guid(662d1569d83ae68469880e52c5214ece) Importer(815301076,1909f56bfc062723c751e8b465ee728b)  -> (artifact id: '620365f0b108f88d010177c8fda27e8e') in 0.020678 seconds
Number of updated asset objects reloaded before import = 0
Number of asset objects unloaded after import = 3
========================================================================
Received Import Request.
  Time since last request: 0.000028 seconds.
  path: Assets/Brackeys/2D Mega Pack/Platforms/Platform_Vertical_Wood_Small.png
  artifactKey: Guid(8fa71125fb47e764db3eaad0cd306d09) Importer(815301076,1909f56bfc062723c751e8b465ee728b)
Start importing Assets/Brackeys/2D Mega Pack/Platforms/Platform_Vertical_Wood_Small.png using Guid(8fa71125fb47e764db3eaad0cd306d09) Importer(815301076,1909f56bfc062723c751e8b465ee728b)  -> (artifact id: '0c76a9dfd12e115329240ceb10b5c7a6') in 0.020453 seconds
Number of updated asset objects reloaded before import = 0
Number of asset objects unloaded after import = 3
========================================================================
Received Import Request.
  Time since last request: 0.000022 seconds.
  path: Assets/Brackeys/2D Mega Pack/Platforms/Platform_Vertical_Wood.png
  artifactKey: Guid(7d84c9a0ef474dc42812bf290d722f7e) Importer(815301076,1909f56bfc062723c751e8b465ee728b)
Start importing Assets/Brackeys/2D Mega Pack/Platforms/Platform_Vertical_Wood.png using Guid(7d84c9a0ef474dc42812bf290d722f7e) Importer(815301076,1909f56bfc062723c751e8b465ee728b)  -> (artifact id: '150b684b85186ac330dba16f80824f2c') in 0.017453 seconds
Number of updated asset objects reloaded before import = 0
Number of asset objects unloaded after import = 3
========================================================================
Received Import Request.
  Time since last request: 0.000026 seconds.
  path: Assets/Brackeys/2D Mega Pack/Platforms/Platform_Vertical_Blue.png
  artifactKey: Guid(6d86e7e8a8b8f4a4ea3a10d9dee509b0) Importer(815301076,1909f56bfc062723c751e8b465ee728b)
Start importing Assets/Brackeys/2D Mega Pack/Platforms/Platform_Vertical_Blue.png using Guid(6d86e7e8a8b8f4a4ea3a10d9dee509b0) Importer(815301076,1909f56bfc062723c751e8b465ee728b)  -> (artifact id: '1d49482fbb42a1f25d3d4a576e5db8cc') in 0.017554 seconds
Number of updated asset objects reloaded before import = 0
Number of asset objects unloaded after import = 3
========================================================================
Received Import Request.
  Time since last request: 0.000022 seconds.
  path: Assets/Brackeys/2D Mega Pack/Platforms/Platform_Vertical_Pink.png
  artifactKey: Guid(1f6dbf787d3d8e84381791aa30d9c292) Importer(815301076,1909f56bfc062723c751e8b465ee728b)
Start importing Assets/Brackeys/2D Mega Pack/Platforms/Platform_Vertical_Pink.png using Guid(1f6dbf787d3d8e84381791aa30d9c292) Importer(815301076,1909f56bfc062723c751e8b465ee728b)  -> (artifact id: '51a117afd1f5389457e6b224982e2449') in 0.014399 seconds
Number of updated asset objects reloaded before import = 0
Number of asset objects unloaded after import = 3
========================================================================
Received Import Request.
  Time since last request: 25.388665 seconds.
  path: Assets/Brackeys/2D Mega Pack/UI/Cursors/YellowCursor.png
  artifactKey: Guid(f6c447868c4916746aba134404e3b985) Importer(815301076,1909f56bfc062723c751e8b465ee728b)
Start importing Assets/Brackeys/2D Mega Pack/UI/Cursors/YellowCursor.png using Guid(f6c447868c4916746aba134404e3b985) Importer(815301076,1909f56bfc062723c751e8b465ee728b)  -> (artifact id: 'c94d3e5355a99e9b7ba54bba1835f664') in 0.022087 seconds
Number of updated asset objects reloaded before import = 0
Number of asset objects unloaded after import = 3
========================================================================
Received Import Request.
  Time since last request: 3.210522 seconds.
  path: Assets/Brackeys/2D Mega Pack/UI/IconBox.png
  artifactKey: Guid(418d638d3bbaa6f4b82cd8c785a73ff7) Importer(815301076,1909f56bfc062723c751e8b465ee728b)
Start importing Assets/Brackeys/2D Mega Pack/UI/IconBox.png using Guid(418d638d3bbaa6f4b82cd8c785a73ff7) Importer(815301076,1909f56bfc062723c751e8b465ee728b)  -> (artifact id: 'ec2a0c3455d71755d5ef5fd1ed86b4de') in 0.028242 seconds
Number of updated asset objects reloaded before import = 0
Number of asset objects unloaded after import = 3
========================================================================
Received Import Request.
  Time since last request: 0.000018 seconds.
  path: Assets/Brackeys/2D Mega Pack/UI/ItemFrame.png
  artifactKey: Guid(37b388a5217aba141900a0ac698315c5) Importer(815301076,1909f56bfc062723c751e8b465ee728b)
Start importing Assets/Brackeys/2D Mega Pack/UI/ItemFrame.png using Guid(37b388a5217aba141900a0ac698315c5) Importer(815301076,1909f56bfc062723c751e8b465ee728b)  -> (artifact id: '0c839dca891fd2459be8e727bbf808a2') in 0.030967 seconds
Number of updated asset objects reloaded before import = 0
Number of asset objects unloaded after import = 3
Editor requested this worker to shutdown with reason: Scaling down because of idle timeout
TcpMessagingSession - receive error: operation aborted. errorcode: 995, details:        I/O  .
AssetImportWorker is now disconnected from the server
Process exiting
Exiting without the bug reporter. Application will terminate with return code 0