Using pre-set license
Built from '2022.3/staging' branch; Version is '2022.3.2f1 (d74737c6db50) revision 14108471'; Using compiler version '192829333'; Build Type 'Release'
OS: 'Windows 10  (10.0.19045) 64bit Professional' Language: 'ko' Physical Memory: 16265 MB
BatchMode: 1, IsHumanControllingUs: 0, StartBugReporterOnCrash: 0, Is64bit: 1, IsPro: 1

COMMAND LINE ARGUMENTS:
C:\Program Files\Unity\Hub\Editor\2022.3.2f1\Editor\Unity.exe
-adb2
-batchMode
-noUpm
-name
AssetImportWorker0
-projectPath
C:/Users/J/2D project
-logFile
Logs/AssetImportWorker0.log
-srvPort
53393
Successfully changed project path to: C:/Users/J/2D project
C:/Users/J/2D project
[UnityMemory] Configuration Parameters - Can be set up in boot.config
    "memorysetup-bucket-allocator-granularity=16"
    "memorysetup-bucket-allocator-bucket-count=8"
    "memorysetup-bucket-allocator-block-size=33554432"
    "memorysetup-bucket-allocator-block-count=8"
    "memorysetup-main-allocator-block-size=16777216"
    "memorysetup-thread-allocator-block-size=16777216"
    "memorysetup-gfx-main-allocator-block-size=16777216"
    "memorysetup-gfx-thread-allocator-block-size=16777216"
    "memorysetup-cache-allocator-block-size=4194304"
    "memorysetup-typetree-allocator-block-size=2097152"
    "memorysetup-profiler-bucket-allocator-granularity=16"
    "memorysetup-profiler-bucket-allocator-bucket-count=8"
    "memorysetup-profiler-bucket-allocator-block-size=33554432"
    "memorysetup-profiler-bucket-allocator-block-count=8"
    "memorysetup-profiler-allocator-block-size=16777216"
    "memorysetup-profiler-editor-allocator-block-size=1048576"
    "memorysetup-temp-allocator-size-main=16777216"
    "memorysetup-job-temp-allocator-block-size=2097152"
    "memorysetup-job-temp-allocator-block-size-background=1048576"
    "memorysetup-job-temp-allocator-reduction-small-platforms=262144"
    "memorysetup-allocator-temp-initial-block-size-main=262144"
    "memorysetup-allocator-temp-initial-block-size-worker=262144"
    "memorysetup-temp-allocator-size-background-worker=32768"
    "memorysetup-temp-allocator-size-job-worker=262144"
    "memorysetup-temp-allocator-size-preload-manager=33554432"
    "memorysetup-temp-allocator-size-nav-mesh-worker=65536"
    "memorysetup-temp-allocator-size-audio-worker=65536"
    "memorysetup-temp-allocator-size-cloud-worker=32768"
    "memorysetup-temp-allocator-size-gi-baking-worker=262144"
    "memorysetup-temp-allocator-size-gfx=262144"
Player connection [11588] Host "[IP] 117.17.187.137 [Port] 0 [Flags] 2 [Guid] 1034778565 [EditorId] 1034778565 [Version] 1048832 [Id] WindowsEditor(7,DESKTOP-BNGAK63) [Debug] 1 [PackageName] WindowsEditor [ProjectName] Editor" joined multi-casting on [225.0.0.222:54997]...

Player connection [11588] Host "[IP] 117.17.187.137 [Port] 0 [Flags] 2 [Guid] 1034778565 [EditorId] 1034778565 [Version] 1048832 [Id] WindowsEditor(7,DESKTOP-BNGAK63) [Debug] 1 [PackageName] WindowsEditor [ProjectName] Editor" joined alternative multi-casting on [225.0.0.222:34997]...

Refreshing native plugins compatible for Editor in 89.37 ms, found 4 plugins.
Preloading 0 native plugins for Editor in 0.00 ms.
Initialize engine version: 2022.3.2f1 (d74737c6db50)
[Subsystems] Discovering subsystems at path C:/Program Files/Unity/Hub/Editor/2022.3.2f1/Editor/Data/Resources/UnitySubsystems
[Subsystems] Discovering subsystems at path C:/Users/J/2D project/Assets
GfxDevice: creating device client; threaded=0; jobified=0
Direct3D:
    Version:  Direct3D 11.0 [level 11.1]
    Renderer: NVIDIA GeForce GTX 1080 Ti (ID=0x1b06)
    Vendor:   NVIDIA
    VRAM:     11128 MB
    Driver:   31.0.15.1694
Initialize mono
Mono path[0] = 'C:/Program Files/Unity/Hub/Editor/2022.3.2f1/Editor/Data/Managed'
Mono path[1] = 'C:/Program Files/Unity/Hub/Editor/2022.3.2f1/Editor/Data/MonoBleedingEdge/lib/mono/unityjit-win32'
Mono config path = 'C:/Program Files/Unity/Hub/Editor/2022.3.2f1/Editor/Data/MonoBleedingEdge/etc'
Using monoOptions --debugger-agent=transport=dt_socket,embedding=1,server=y,suspend=n,address=127.0.0.1:56496
Begin MonoManager ReloadAssembly
Registering precompiled unity dll's ...
Register platform support module: C:/Program Files/Unity/Hub/Editor/2022.3.2f1/Editor/Data/PlaybackEngines/WebGLSupport/UnityEditor.WebGL.Extensions.dll
Register platform support module: C:/Program Files/Unity/Hub/Editor/2022.3.2f1/Editor/Data/PlaybackEngines/WindowsStandaloneSupport/UnityEditor.WindowsStandalone.Extensions.dll
Registered in 0.006824 seconds.
- Loaded All Assemblies, in  0.382 seconds
Native extension for WindowsStandalone target not found
Native extension for WebGL target not found
Mono: successfully reloaded assembly
- Finished resetting the current domain, in  0.250 seconds
Domain Reload Profiling: 630ms
	BeginReloadAssembly (102ms)
		ExecutionOrderSort (0ms)
		DisableScriptedObjects (0ms)
		BackupInstance (0ms)
		ReleaseScriptingObjects (0ms)
		CreateAndSetChildDomain (1ms)
	RebuildCommonClasses (29ms)
	RebuildNativeTypeToScriptingClass (11ms)
	initialDomainReloadingComplete (57ms)
	LoadAllAssembliesAndSetupDomain (182ms)
		LoadAssemblies (101ms)
		RebuildTransferFunctionScriptingTraits (0ms)
		AnalyzeDomain (176ms)
			TypeCache.Refresh (175ms)
				TypeCache.ScanAssembly (160ms)
			ScanForSourceGeneratedMonoScriptInfo (0ms)
			ResolveRequiredComponents (0ms)
	FinalizeReload (250ms)
		ReleaseScriptCaches (0ms)
		RebuildScriptCaches (0ms)
		SetupLoadedEditorAssemblies (194ms)
			LogAssemblyErrors (0ms)
			InitializePlatformSupportModulesInManaged (9ms)
			SetLoadedEditorAssemblies (5ms)
			RefreshPlugins (0ms)
			BeforeProcessingInitializeOnLoad (2ms)
			ProcessInitializeOnLoadAttributes (132ms)
			ProcessInitializeOnLoadMethodAttributes (45ms)
			AfterProcessingInitializeOnLoad (0ms)
			EditorAssembliesLoaded (0ms)
		ExecutionOrderSort2 (0ms)
		AwakeInstancesAfterBackupRestoration (0ms)
========================================================================
Worker process is ready to serve import requests
Begin MonoManager ReloadAssembly
Symbol file LoadedFromMemory doesn't match image C:\Users\J\2D project\Library\PackageCache\com.unity.visualscripting@1.8.0\Editor\VisualScripting.Core\Dependencies\YamlDotNet\Unity.VisualScripting.YamlDotNet.dll
Symbol file LoadedFromMemory doesn't match image C:\Users\J\2D project\Library\PackageCache\com.unity.visualscripting@1.8.0\Editor\VisualScripting.Core\Dependencies\DotNetZip\Unity.VisualScripting.IonicZip.dll
- Loaded All Assemblies, in  0.734 seconds
Refreshing native plugins compatible for Editor in 3.54 ms, found 4 plugins.
Native extension for WindowsStandalone target not found
Native extension for WebGL target not found
Mono: successfully reloaded assembly
- Finished resetting the current domain, in  0.515 seconds
Domain Reload Profiling: 1246ms
	BeginReloadAssembly (134ms)
		ExecutionOrderSort (0ms)
		DisableScriptedObjects (4ms)
		BackupInstance (0ms)
		ReleaseScriptingObjects (0ms)
		CreateAndSetChildDomain (25ms)
	RebuildCommonClasses (30ms)
	RebuildNativeTypeToScriptingClass (9ms)
	initialDomainReloadingComplete (45ms)
	LoadAllAssembliesAndSetupDomain (512ms)
		LoadAssemblies (293ms)
		RebuildTransferFunctionScriptingTraits (0ms)
		AnalyzeDomain (284ms)
			TypeCache.Refresh (263ms)
				TypeCache.ScanAssembly (249ms)
			ScanForSourceGeneratedMonoScriptInfo (18ms)
			ResolveRequiredComponents (4ms)
	FinalizeReload (515ms)
		ReleaseScriptCaches (0ms)
		RebuildScriptCaches (0ms)
		SetupLoadedEditorAssemblies (367ms)
			LogAssemblyErrors (0ms)
			InitializePlatformSupportModulesInManaged (7ms)
			SetLoadedEditorAssemblies (4ms)
			RefreshPlugins (0ms)
			BeforeProcessingInitializeOnLoad (65ms)
			ProcessInitializeOnLoadAttributes (255ms)
			ProcessInitializeOnLoadMethodAttributes (29ms)
			AfterProcessingInitializeOnLoad (6ms)
			EditorAssembliesLoaded (0ms)
		ExecutionOrderSort2 (0ms)
		AwakeInstancesAfterBackupRestoration (5ms)
Launched and connected shader compiler UnityShaderCompiler.exe after 0.04 seconds
Refreshing native plugins compatible for Editor in 5.50 ms, found 4 plugins.
Preloading 0 native plugins for Editor in 0.00 ms.
Unloading 3998 Unused Serialized files (Serialized files now loaded: 0)
Unloading 69 unused Assets / (244.4 KB). Loaded Objects now: 4456.
Memory consumption went from 138.7 MB to 138.4 MB.
Total: 3.890400 ms (FindLiveObjects: 0.422800 ms CreateObjectMapping: 0.261300 ms MarkObjects: 2.956800 ms  DeleteObjects: 0.248400 ms)

AssetImportParameters requested are different than current active one (requested -> active):
  custom:container-demuxer-ogg: 62fdf1f143b41e24485cea50d1cbac27 -> 
  custom:video-decoder-ogg-theora: a1e56fd34408186e4bbccfd4996cb3dc -> 
  custom:framework-win-MediaFoundation: 216162199b28c13a410421893ffa2e32 -> 
  custom:container-demuxer-webm: 4f35f7cbe854078d1ac9338744f61a02 -> 
  custom:container-muxer-webm: aa71ff27fc2769a1b78a27578f13a17b -> 
  custom:video-decoder-webm-vp8: 9c59270c3fd7afecdb556c50c9e8de78 -> 
  custom:AudioImporter_EditorPlatform: d09bf68614088b80899f8185d706f6e7 -> 
  custom:video-encoder-webm-vp8: eb34c28f22e8b96e1ab97ce403110664 -> 
  custom:audio-decoder-ogg-vorbis: bf7c407c2cedff20999df2af8eb42d56 -> 
  custom:audio-encoder-webm-vorbis: bf7c407c2cedff20999df2af8eb42d56 -> 
========================================================================
Received Import Request.
  Time since last request: 255006.598520 seconds.
  path: Packages/com.unity.2d.animation/Editor/Assets/EditorIcons/Light/Copy@4x.png
  artifactKey: Guid(5430b5412bcac5b4986be0a875a5e978) Importer(815301076,1909f56bfc062723c751e8b465ee728b)
Start importing Packages/com.unity.2d.animation/Editor/Assets/EditorIcons/Light/Copy@4x.png using Guid(5430b5412bcac5b4986be0a875a5e978) Importer(815301076,1909f56bfc062723c751e8b465ee728b)  -> (artifact id: '69f59fa17b082d7bd91828cabf097937') in 0.092532 seconds
Number of updated asset objects reloaded before import = 0
Number of asset objects unloaded after import = 3
========================================================================
Received Import Request.
  Time since last request: 0.000042 seconds.
  path: Packages/com.unity.2d.animation/Editor/Assets/EditorIcons/Selected/Create Bones.png
  artifactKey: Guid(7b86a539750e1a44ca7ec5b7f690babd) Importer(815301076,1909f56bfc062723c751e8b465ee728b)
Start importing Packages/com.unity.2d.animation/Editor/Assets/EditorIcons/Selected/Create Bones.png using Guid(7b86a539750e1a44ca7ec5b7f690babd) Importer(815301076,1909f56bfc062723c751e8b465ee728b)  -> (artifact id: '0ccd6c5c857149ba65345b92ec008589') in 0.017386 seconds
Number of updated asset objects reloaded before import = 0
Number of asset objects unloaded after import = 3
========================================================================
Received Import Request.
  Time since last request: 0.000020 seconds.
  path: Packages/com.unity.2d.sprite/Editor/ObjectMenuCreation/DefaultAssets/Textures/CircleWithBorder.png
  artifactKey: Guid(4adeaf2d2b1c7417e89f026626d8264f) Importer(815301076,1909f56bfc062723c751e8b465ee728b)
Start importing Packages/com.unity.2d.sprite/Editor/ObjectMenuCreation/DefaultAssets/Textures/CircleWithBorder.png using Guid(4adeaf2d2b1c7417e89f026626d8264f) Importer(815301076,1909f56bfc062723c751e8b465ee728b)  -> (artifact id: 'e7cc3d1810ef7605dafddf1bb387f462') in 0.022902 seconds
Number of updated asset objects reloaded before import = 0
Number of asset objects unloaded after import = 3
========================================================================
Received Import Request.
  Time since last request: 0.000019 seconds.
  path: Packages/com.unity.2d.animation/Editor/Assets/EditorIcons/Light/Create Bones.png
  artifactKey: Guid(0e5ae7fe3a07e88429a3e90897c6ab82) Importer(815301076,1909f56bfc062723c751e8b465ee728b)
Start importing Packages/com.unity.2d.animation/Editor/Assets/EditorIcons/Light/Create Bones.png using Guid(0e5ae7fe3a07e88429a3e90897c6ab82) Importer(815301076,1909f56bfc062723c751e8b465ee728b)  -> (artifact id: '1e47de82e2070f2fc8e28d7aba401260') in 0.016021 seconds
Number of updated asset objects reloaded before import = 0
Number of asset objects unloaded after import = 3
========================================================================
Received Import Request.
  Time since last request: 0.000019 seconds.
  path: Packages/com.unity.2d.sprite/Editor/ObjectMenuCreation/DefaultAssets/Textures/v2/Circle.png
  artifactKey: Guid(a86470a33a6bf42c4b3595704624658b) Importer(815301076,1909f56bfc062723c751e8b465ee728b)
Start importing Packages/com.unity.2d.sprite/Editor/ObjectMenuCreation/DefaultAssets/Textures/v2/Circle.png using Guid(a86470a33a6bf42c4b3595704624658b) Importer(815301076,1909f56bfc062723c751e8b465ee728b)  -> (artifact id: '2ba74743cd578aacc34dd87b20038c58') in 0.008945 seconds
Number of updated asset objects reloaded before import = 0
Number of asset objects unloaded after import = 3
========================================================================
Received Import Request.
  Time since last request: 0.000025 seconds.
  path: Packages/com.unity.2d.animation/Editor/Assets/EditorIcons/Light/Copy@2x.png
  artifactKey: Guid(2e0cf451cb3d56742aad87ea75993209) Importer(815301076,1909f56bfc062723c751e8b465ee728b)
Start importing Packages/com.unity.2d.animation/Editor/Assets/EditorIcons/Light/Copy@2x.png using Guid(2e0cf451cb3d56742aad87ea75993209) Importer(815301076,1909f56bfc062723c751e8b465ee728b)  -> (artifact id: '93e460bceb1d4086a03272850a91c39a') in 0.017822 seconds
Number of updated asset objects reloaded before import = 0
Number of asset objects unloaded after import = 3
========================================================================
Received Import Request.
  Time since last request: 0.235266 seconds.
  path: Packages/com.unity.2d.animation/Editor/Assets/EditorIcons/Selected/Create Bones@4x.png
  artifactKey: Guid(61ac40b257b3a994f841856ad38b2b6b) Importer(815301076,1909f56bfc062723c751e8b465ee728b)
Start importing Packages/com.unity.2d.animation/Editor/Assets/EditorIcons/Selected/Create Bones@4x.png using Guid(61ac40b257b3a994f841856ad38b2b6b) Importer(815301076,1909f56bfc062723c751e8b465ee728b)  -> (artifact id: '086d8828b3726f4a9af53979d6cab3de') in 0.015686 seconds
Number of updated asset objects reloaded before import = 0
Number of asset objects unloaded after import = 3
========================================================================
Received Import Request.
  Time since last request: 0.028215 seconds.
  path: Packages/com.unity.2d.animation/Editor/Assets/EditorIcons/Light/Create_Edge.png
  artifactKey: Guid(1af9d2e44ecf3a2468601c9071df581f) Importer(815301076,1909f56bfc062723c751e8b465ee728b)
Start importing Packages/com.unity.2d.animation/Editor/Assets/EditorIcons/Light/Create_Edge.png using Guid(1af9d2e44ecf3a2468601c9071df581f) Importer(815301076,1909f56bfc062723c751e8b465ee728b)  -> (artifact id: '3f9e1d9b4acb85596f35ae61d5ee2063') in 0.014075 seconds
Number of updated asset objects reloaded before import = 0
Number of asset objects unloaded after import = 3
========================================================================
Received Import Request.
  Time since last request: 0.499762 seconds.
  path: Packages/com.unity.2d.animation/Editor/Assets/EditorIcons/Light/Create_Edge@3x.png
  artifactKey: Guid(0da63bf69e254aa4a83c345c3de497c8) Importer(815301076,1909f56bfc062723c751e8b465ee728b)
Start importing Packages/com.unity.2d.animation/Editor/Assets/EditorIcons/Light/Create_Edge@3x.png using Guid(0da63bf69e254aa4a83c345c3de497c8) Importer(815301076,1909f56bfc062723c751e8b465ee728b)  -> (artifact id: '715c00f8543b3a99a165897d1d5d4db3') in 0.014132 seconds
Number of updated asset objects reloaded before import = 0
Number of asset objects unloaded after import = 3
========================================================================
Received Import Request.
  Time since last request: 0.024135 seconds.
  path: Packages/com.unity.2d.animation/Editor/Assets/EditorIcons/Light/Create_Edge@4x.png
  artifactKey: Guid(1f21190ca9d1e8540b2a3a2e46002685) Importer(815301076,1909f56bfc062723c751e8b465ee728b)
Start importing Packages/com.unity.2d.animation/Editor/Assets/EditorIcons/Light/Create_Edge@4x.png using Guid(1f21190ca9d1e8540b2a3a2e46002685) Importer(815301076,1909f56bfc062723c751e8b465ee728b)  -> (artifact id: '1ddf1ea5b3a4d2983323a45911ba84b6') in 0.013066 seconds
Number of updated asset objects reloaded before import = 0
Number of asset objects unloaded after import = 3
========================================================================
Received Import Request.
  Time since last request: 0.059045 seconds.
  path: Packages/com.unity.2d.animation/Editor/Assets/EditorIcons/Light/Create_Vertex@2x.png
  artifactKey: Guid(a0c33b3a6e0728343b29883d739f1322) Importer(815301076,1909f56bfc062723c751e8b465ee728b)
Start importing Packages/com.unity.2d.animation/Editor/Assets/EditorIcons/Light/Create_Vertex@2x.png using Guid(a0c33b3a6e0728343b29883d739f1322) Importer(815301076,1909f56bfc062723c751e8b465ee728b)  -> (artifact id: 'c7d4e34e23146ee8b0643ef93081adf6') in 0.014921 seconds
Number of updated asset objects reloaded before import = 0
Number of asset objects unloaded after import = 3
========================================================================
Received Import Request.
  Time since last request: 0.296579 seconds.
  path: Packages/com.unity.2d.animation/Editor/Assets/EditorIcons/Selected/Create_Vertex@3x.png
  artifactKey: Guid(47fe565904dc6b1419e9acc62b99812e) Importer(815301076,1909f56bfc062723c751e8b465ee728b)
Start importing Packages/com.unity.2d.animation/Editor/Assets/EditorIcons/Selected/Create_Vertex@3x.png using Guid(47fe565904dc6b1419e9acc62b99812e) Importer(815301076,1909f56bfc062723c751e8b465ee728b)  -> (artifact id: '04510f25ddc78974c9ecf2b48a4f2631') in 0.015729 seconds
Number of updated asset objects reloaded before import = 0
Number of asset objects unloaded after import = 3
========================================================================
Received Import Request.
  Time since last request: 0.003739 seconds.
  path: Packages/com.unity.2d.animation/Editor/Assets/EditorIcons/Selected/Create_Vertex@4x.png
  artifactKey: Guid(6a7ac9e8c26b12440bf2b1da2ca97794) Importer(815301076,1909f56bfc062723c751e8b465ee728b)
Start importing Packages/com.unity.2d.animation/Editor/Assets/EditorIcons/Selected/Create_Vertex@4x.png using Guid(6a7ac9e8c26b12440bf2b1da2ca97794) Importer(815301076,1909f56bfc062723c751e8b465ee728b)  -> (artifact id: '7d34cd12c56b9a52379d73ecb7bafa1c') in 0.014836 seconds
Number of updated asset objects reloaded before import = 0
Number of asset objects unloaded after import = 3
========================================================================
Received Import Request.
  Time since last request: 0.019685 seconds.
  path: Packages/com.unity.2d.animation/Editor/Assets/ComponentIcons/d_Animation.IKCCD@32.png
  artifactKey: Guid(927455eb53d4a46a4b1aa3ed556f0de8) Importer(815301076,1909f56bfc062723c751e8b465ee728b)
Start importing Packages/com.unity.2d.animation/Editor/Assets/ComponentIcons/d_Animation.IKCCD@32.png using Guid(927455eb53d4a46a4b1aa3ed556f0de8) Importer(815301076,1909f56bfc062723c751e8b465ee728b)  -> (artifact id: '66f59d91031b3bf4e5f09df781a91df6') in 0.014753 seconds
Number of updated asset objects reloaded before import = 0
Number of asset objects unloaded after import = 3
========================================================================
Received Import Request.
  Time since last request: 0.008897 seconds.
  path: Packages/com.unity.2d.animation/Editor/Assets/ComponentIcons/d_Animation.IKCCD@128.png
  artifactKey: Guid(aee4d1ab3c8e8444aaeb344c96f2dc3a) Importer(815301076,1909f56bfc062723c751e8b465ee728b)
Start importing Packages/com.unity.2d.animation/Editor/Assets/ComponentIcons/d_Animation.IKCCD@128.png using Guid(aee4d1ab3c8e8444aaeb344c96f2dc3a) Importer(815301076,1909f56bfc062723c751e8b465ee728b)  -> (artifact id: 'fe8829e81c779ed0e0455fa94c4377da') in 0.016234 seconds
Number of updated asset objects reloaded before import = 0
Number of asset objects unloaded after import = 3
========================================================================
Received Prepare
Begin MonoManager ReloadAssembly
Symbol file LoadedFromMemory doesn't match image C:\Users\J\2D project\Library\PackageCache\com.unity.visualscripting@1.8.0\Editor\VisualScripting.Core\Dependencies\YamlDotNet\Unity.VisualScripting.YamlDotNet.dll
Symbol file LoadedFromMemory doesn't match image C:\Users\J\2D project\Library\PackageCache\com.unity.visualscripting@1.8.0\Editor\VisualScripting.Core\Dependencies\DotNetZip\Unity.VisualScripting.IonicZip.dll
- Loaded All Assemblies, in  0.562 seconds
Refreshing native plugins compatible for Editor in 2.93 ms, found 4 plugins.
Native extension for WindowsStandalone target not found
Native extension for WebGL target not found
Mono: successfully reloaded assembly
- Finished resetting the current domain, in  0.697 seconds
Domain Reload Profiling: 1257ms
	BeginReloadAssembly (124ms)
		ExecutionOrderSort (0ms)
		DisableScriptedObjects (9ms)
		BackupInstance (0ms)
		ReleaseScriptingObjects (0ms)
		CreateAndSetChildDomain (34ms)
	RebuildCommonClasses (25ms)
	RebuildNativeTypeToScriptingClass (13ms)
	initialDomainReloadingComplete (26ms)
	LoadAllAssembliesAndSetupDomain (372ms)
		LoadAssemblies (215ms)
		RebuildTransferFunctionScriptingTraits (0ms)
		AnalyzeDomain (206ms)
			TypeCache.Refresh (203ms)
				TypeCache.ScanAssembly (192ms)
			ScanForSourceGeneratedMonoScriptInfo (0ms)
			ResolveRequiredComponents (4ms)
	FinalizeReload (698ms)
		ReleaseScriptCaches (0ms)
		RebuildScriptCaches (0ms)
		SetupLoadedEditorAssemblies (295ms)
			LogAssemblyErrors (0ms)
			InitializePlatformSupportModulesInManaged (7ms)
			SetLoadedEditorAssemblies (3ms)
			RefreshPlugins (0ms)
			BeforeProcessingInitializeOnLoad (59ms)
			ProcessInitializeOnLoadAttributes (195ms)
			ProcessInitializeOnLoadMethodAttributes (26ms)
			AfterProcessingInitializeOnLoad (6ms)
			EditorAssembliesLoaded (0ms)
		ExecutionOrderSort2 (0ms)
		AwakeInstancesAfterBackupRestoration (10ms)
Refreshing native plugins compatible for Editor in 3.98 ms, found 4 plugins.
Preloading 0 native plugins for Editor in 0.00 ms.
Unloading 3992 Unused Serialized files (Serialized files now loaded: 0)
Unloading 41 unused Assets / (216.8 KB). Loaded Objects now: 4472.
Memory consumption went from 141.5 MB to 141.3 MB.
Total: 3.290500 ms (FindLiveObjects: 0.347100 ms CreateObjectMapping: 0.170100 ms MarkObjects: 2.613800 ms  DeleteObjects: 0.158400 ms)

Prepare: number of updated asset objects reloaded= 0
AssetImportParameters requested are different than current active one (requested -> active):
  custom:container-demuxer-ogg: 62fdf1f143b41e24485cea50d1cbac27 -> 
  custom:video-decoder-ogg-theora: a1e56fd34408186e4bbccfd4996cb3dc -> 
  custom:framework-win-MediaFoundation: 216162199b28c13a410421893ffa2e32 -> 
  custom:container-demuxer-webm: 4f35f7cbe854078d1ac9338744f61a02 -> 
  custom:container-muxer-webm: aa71ff27fc2769a1b78a27578f13a17b -> 
  custom:video-decoder-webm-vp8: 9c59270c3fd7afecdb556c50c9e8de78 -> 
  custom:AudioImporter_EditorPlatform: d09bf68614088b80899f8185d706f6e7 -> 
  custom:video-encoder-webm-vp8: eb34c28f22e8b96e1ab97ce403110664 -> 
  custom:audio-decoder-ogg-vorbis: bf7c407c2cedff20999df2af8eb42d56 -> 
  custom:audio-encoder-webm-vorbis: bf7c407c2cedff20999df2af8eb42d56 -> 
========================================================================
Received Prepare
Begin MonoManager ReloadAssembly
Symbol file LoadedFromMemory doesn't match image C:\Users\J\2D project\Library\PackageCache\com.unity.visualscripting@1.8.0\Editor\VisualScripting.Core\Dependencies\YamlDotNet\Unity.VisualScripting.YamlDotNet.dll
Symbol file LoadedFromMemory doesn't match image C:\Users\J\2D project\Library\PackageCache\com.unity.visualscripting@1.8.0\Editor\VisualScripting.Core\Dependencies\DotNetZip\Unity.VisualScripting.IonicZip.dll
- Loaded All Assemblies, in  0.586 seconds
Refreshing native plugins compatible for Editor in 4.84 ms, found 4 plugins.
Native extension for WindowsStandalone target not found
Native extension for WebGL target not found
Mono: successfully reloaded assembly
- Finished resetting the current domain, in  0.665 seconds
Domain Reload Profiling: 1250ms
	BeginReloadAssembly (126ms)
		ExecutionOrderSort (0ms)
		DisableScriptedObjects (10ms)
		BackupInstance (0ms)
		ReleaseScriptingObjects (0ms)
		CreateAndSetChildDomain (37ms)
	RebuildCommonClasses (29ms)
	RebuildNativeTypeToScriptingClass (9ms)
	initialDomainReloadingComplete (24ms)
	LoadAllAssembliesAndSetupDomain (396ms)
		LoadAssemblies (205ms)
		RebuildTransferFunctionScriptingTraits (0ms)
		AnalyzeDomain (237ms)
			TypeCache.Refresh (233ms)
				TypeCache.ScanAssembly (221ms)
			ScanForSourceGeneratedMonoScriptInfo (0ms)
			ResolveRequiredComponents (4ms)
	FinalizeReload (666ms)
		ReleaseScriptCaches (0ms)
		RebuildScriptCaches (0ms)
		SetupLoadedEditorAssemblies (301ms)
			LogAssemblyErrors (0ms)
			InitializePlatformSupportModulesInManaged (6ms)
			SetLoadedEditorAssemblies (3ms)
			RefreshPlugins (0ms)
			BeforeProcessingInitializeOnLoad (59ms)
			ProcessInitializeOnLoadAttributes (200ms)
			ProcessInitializeOnLoadMethodAttributes (26ms)
			AfterProcessingInitializeOnLoad (6ms)
			EditorAssembliesLoaded (0ms)
		ExecutionOrderSort2 (0ms)
		AwakeInstancesAfterBackupRestoration (11ms)
Refreshing native plugins compatible for Editor in 3.21 ms, found 4 plugins.
Preloading 0 native plugins for Editor in 0.00 ms.
Unloading 3993 Unused Serialized files (Serialized files now loaded: 0)
Unloading 41 unused Assets / (217.0 KB). Loaded Objects now: 4476.
Memory consumption went from 141.8 MB to 141.6 MB.
Total: 2.864600 ms (FindLiveObjects: 0.270700 ms CreateObjectMapping: 0.200200 ms MarkObjects: 2.234600 ms  DeleteObjects: 0.158400 ms)

Prepare: number of updated asset objects reloaded= 0
AssetImportParameters requested are different than current active one (requested -> active):
  custom:container-demuxer-ogg: 62fdf1f143b41e24485cea50d1cbac27 -> 
  custom:video-decoder-ogg-theora: a1e56fd34408186e4bbccfd4996cb3dc -> 
  custom:framework-win-MediaFoundation: 216162199b28c13a410421893ffa2e32 -> 
  custom:container-demuxer-webm: 4f35f7cbe854078d1ac9338744f61a02 -> 
  custom:container-muxer-webm: aa71ff27fc2769a1b78a27578f13a17b -> 
  custom:video-decoder-webm-vp8: 9c59270c3fd7afecdb556c50c9e8de78 -> 
  custom:AudioImporter_EditorPlatform: d09bf68614088b80899f8185d706f6e7 -> 
  custom:video-encoder-webm-vp8: eb34c28f22e8b96e1ab97ce403110664 -> 
  custom:audio-decoder-ogg-vorbis: bf7c407c2cedff20999df2af8eb42d56 -> 
  custom:audio-encoder-webm-vorbis: bf7c407c2cedff20999df2af8eb42d56 -> 
========================================================================
Received Prepare
Begin MonoManager ReloadAssembly
Symbol file LoadedFromMemory doesn't match image C:\Users\J\2D project\Library\PackageCache\com.unity.visualscripting@1.8.0\Editor\VisualScripting.Core\Dependencies\YamlDotNet\Unity.VisualScripting.YamlDotNet.dll
Symbol file LoadedFromMemory doesn't match image C:\Users\J\2D project\Library\PackageCache\com.unity.visualscripting@1.8.0\Editor\VisualScripting.Core\Dependencies\DotNetZip\Unity.VisualScripting.IonicZip.dll
- Loaded All Assemblies, in  0.541 seconds
Refreshing native plugins compatible for Editor in 3.38 ms, found 4 plugins.
Native extension for WindowsStandalone target not found
Native extension for WebGL target not found
Mono: successfully reloaded assembly
- Finished resetting the current domain, in  0.693 seconds
Domain Reload Profiling: 1232ms
	BeginReloadAssembly (126ms)
		ExecutionOrderSort (0ms)
		DisableScriptedObjects (9ms)
		BackupInstance (0ms)
		ReleaseScriptingObjects (0ms)
		CreateAndSetChildDomain (34ms)
	RebuildCommonClasses (25ms)
	RebuildNativeTypeToScriptingClass (9ms)
	initialDomainReloadingComplete (23ms)
	LoadAllAssembliesAndSetupDomain (356ms)
		LoadAssemblies (212ms)
		RebuildTransferFunctionScriptingTraits (0ms)
		AnalyzeDomain (195ms)
			TypeCache.Refresh (192ms)
				TypeCache.ScanAssembly (182ms)
			ScanForSourceGeneratedMonoScriptInfo (0ms)
			ResolveRequiredComponents (3ms)
	FinalizeReload (693ms)
		ReleaseScriptCaches (0ms)
		RebuildScriptCaches (0ms)
		SetupLoadedEditorAssemblies (300ms)
			LogAssemblyErrors (0ms)
			InitializePlatformSupportModulesInManaged (7ms)
			SetLoadedEditorAssemblies (3ms)
			RefreshPlugins (0ms)
			BeforeProcessingInitializeOnLoad (64ms)
			ProcessInitializeOnLoadAttributes (194ms)
			ProcessInitializeOnLoadMethodAttributes (27ms)
			AfterProcessingInitializeOnLoad (6ms)
			EditorAssembliesLoaded (0ms)
		ExecutionOrderSort2 (0ms)
		AwakeInstancesAfterBackupRestoration (10ms)
Refreshing native plugins compatible for Editor in 3.96 ms, found 4 plugins.
Preloading 0 native plugins for Editor in 0.00 ms.
Unloading 3993 Unused Serialized files (Serialized files now loaded: 0)
Unloading 41 unused Assets / (217.1 KB). Loaded Objects now: 4480.
Memory consumption went from 141.8 MB to 141.6 MB.
Total: 2.913000 ms (FindLiveObjects: 0.251400 ms CreateObjectMapping: 0.130600 ms MarkObjects: 2.359300 ms  DeleteObjects: 0.170800 ms)

Prepare: number of updated asset objects reloaded= 0
AssetImportParameters requested are different than current active one (requested -> active):
  custom:container-demuxer-ogg: 62fdf1f143b41e24485cea50d1cbac27 -> 
  custom:video-decoder-ogg-theora: a1e56fd34408186e4bbccfd4996cb3dc -> 
  custom:framework-win-MediaFoundation: 216162199b28c13a410421893ffa2e32 -> 
  custom:container-demuxer-webm: 4f35f7cbe854078d1ac9338744f61a02 -> 
  custom:container-muxer-webm: aa71ff27fc2769a1b78a27578f13a17b -> 
  custom:video-decoder-webm-vp8: 9c59270c3fd7afecdb556c50c9e8de78 -> 
  custom:AudioImporter_EditorPlatform: d09bf68614088b80899f8185d706f6e7 -> 
  custom:video-encoder-webm-vp8: eb34c28f22e8b96e1ab97ce403110664 -> 
  custom:audio-decoder-ogg-vorbis: bf7c407c2cedff20999df2af8eb42d56 -> 
  custom:audio-encoder-webm-vorbis: bf7c407c2cedff20999df2af8eb42d56 -> 
========================================================================
Received Prepare
Begin MonoManager ReloadAssembly
Symbol file LoadedFromMemory doesn't match image C:\Users\J\2D project\Library\PackageCache\com.unity.visualscripting@1.8.0\Editor\VisualScripting.Core\Dependencies\YamlDotNet\Unity.VisualScripting.YamlDotNet.dll
Symbol file LoadedFromMemory doesn't match image C:\Users\J\2D project\Library\PackageCache\com.unity.visualscripting@1.8.0\Editor\VisualScripting.Core\Dependencies\DotNetZip\Unity.VisualScripting.IonicZip.dll
- Loaded All Assemblies, in  0.551 seconds
Refreshing native plugins compatible for Editor in 2.93 ms, found 4 plugins.
Native extension for WindowsStandalone target not found
Native extension for WebGL target not found
Mono: successfully reloaded assembly
- Finished resetting the current domain, in  0.667 seconds
Domain Reload Profiling: 1216ms
	BeginReloadAssembly (127ms)
		ExecutionOrderSort (0ms)
		DisableScriptedObjects (9ms)
		BackupInstance (0ms)
		ReleaseScriptingObjects (0ms)
		CreateAndSetChildDomain (34ms)
	RebuildCommonClasses (36ms)
	RebuildNativeTypeToScriptingClass (9ms)
	initialDomainReloadingComplete (23ms)
	LoadAllAssembliesAndSetupDomain (354ms)
		LoadAssemblies (206ms)
		RebuildTransferFunctionScriptingTraits (0ms)
		AnalyzeDomain (200ms)
			TypeCache.Refresh (197ms)
				TypeCache.ScanAssembly (186ms)
			ScanForSourceGeneratedMonoScriptInfo (0ms)
			ResolveRequiredComponents (3ms)
	FinalizeReload (667ms)
		ReleaseScriptCaches (0ms)
		RebuildScriptCaches (0ms)
		SetupLoadedEditorAssemblies (301ms)
			LogAssemblyErrors (0ms)
			InitializePlatformSupportModulesInManaged (6ms)
			SetLoadedEditorAssemblies (3ms)
			RefreshPlugins (0ms)
			BeforeProcessingInitializeOnLoad (63ms)
			ProcessInitializeOnLoadAttributes (197ms)
			ProcessInitializeOnLoadMethodAttributes (27ms)
			AfterProcessingInitializeOnLoad (5ms)
			EditorAssembliesLoaded (0ms)
		ExecutionOrderSort2 (0ms)
		AwakeInstancesAfterBackupRestoration (11ms)
Refreshing native plugins compatible for Editor in 3.90 ms, found 4 plugins.
Preloading 0 native plugins for Editor in 0.00 ms.
Unloading 3993 Unused Serialized files (Serialized files now loaded: 0)
Unloading 41 unused Assets / (217.0 KB). Loaded Objects now: 4484.
Memory consumption went from 141.8 MB to 141.5 MB.
Total: 2.743600 ms (FindLiveObjects: 0.243000 ms CreateObjectMapping: 0.128300 ms MarkObjects: 2.221100 ms  DeleteObjects: 0.150500 ms)

Prepare: number of updated asset objects reloaded= 0
AssetImportParameters requested are different than current active one (requested -> active):
  custom:container-demuxer-ogg: 62fdf1f143b41e24485cea50d1cbac27 -> 
  custom:video-decoder-ogg-theora: a1e56fd34408186e4bbccfd4996cb3dc -> 
  custom:framework-win-MediaFoundation: 216162199b28c13a410421893ffa2e32 -> 
  custom:container-demuxer-webm: 4f35f7cbe854078d1ac9338744f61a02 -> 
  custom:container-muxer-webm: aa71ff27fc2769a1b78a27578f13a17b -> 
  custom:video-decoder-webm-vp8: 9c59270c3fd7afecdb556c50c9e8de78 -> 
  custom:AudioImporter_EditorPlatform: d09bf68614088b80899f8185d706f6e7 -> 
  custom:video-encoder-webm-vp8: eb34c28f22e8b96e1ab97ce403110664 -> 
  custom:audio-decoder-ogg-vorbis: bf7c407c2cedff20999df2af8eb42d56 -> 
  custom:audio-encoder-webm-vorbis: bf7c407c2cedff20999df2af8eb42d56 -> 
========================================================================
Received Import Request.
  Time since last request: 806.094317 seconds.
  path: Packages/com.unity.2d.sprite/Editor/Assets/d_SpriteEditor@2x.png
  artifactKey: Guid(74d9036aa1bb14ccfafb89d639870288) Importer(815301076,1909f56bfc062723c751e8b465ee728b)
Start importing Packages/com.unity.2d.sprite/Editor/Assets/d_SpriteEditor@2x.png using Guid(74d9036aa1bb14ccfafb89d639870288) Importer(815301076,1909f56bfc062723c751e8b465ee728b)  -> (artifact id: '9b9740a8c37e3642b27f0f24664973bf') in 0.049464 seconds
Number of updated asset objects reloaded before import = 0
Number of asset objects unloaded after import = 2
========================================================================
Received Import Request.
  Time since last request: 0.000032 seconds.
  path: Packages/com.unity.2d.sprite/Editor/Assets/SpriteEditor@2x.png
  artifactKey: Guid(7013f35dfb10340ecbb956ca7e17de0d) Importer(815301076,1909f56bfc062723c751e8b465ee728b)
Start importing Packages/com.unity.2d.sprite/Editor/Assets/SpriteEditor@2x.png using Guid(7013f35dfb10340ecbb956ca7e17de0d) Importer(815301076,1909f56bfc062723c751e8b465ee728b)  -> (artifact id: 'd00849b690aa4df9f1ae53c94e712e68') in 0.014438 seconds
Number of updated asset objects reloaded before import = 0
Number of asset objects unloaded after import = 2
========================================================================
Received Import Request.
  Time since last request: 0.000022 seconds.
  path: Packages/com.unity.2d.sprite/Editor/Assets/SpriteEditor.png
  artifactKey: Guid(9b243bd8491a24b2cbe5231468a93813) Importer(815301076,1909f56bfc062723c751e8b465ee728b)
Start importing Packages/com.unity.2d.sprite/Editor/Assets/SpriteEditor.png using Guid(9b243bd8491a24b2cbe5231468a93813) Importer(815301076,1909f56bfc062723c751e8b465ee728b)  -> (artifact id: '8c70fa117f2e638e0207bfb74f55b661') in 0.014753 seconds
Number of updated asset objects reloaded before import = 0
Number of asset objects unloaded after import = 2
========================================================================
Received Import Request.
  Time since last request: 59.430173 seconds.
  path: Assets/Brackeys/2D Mega Pack/Shapes/Circle.png
  artifactKey: Guid(8f66c60fb167a0f4299a9865ef4badc9) Importer(815301076,1909f56bfc062723c751e8b465ee728b)
Start importing Assets/Brackeys/2D Mega Pack/Shapes/Circle.png using Guid(8f66c60fb167a0f4299a9865ef4badc9) Importer(815301076,1909f56bfc062723c751e8b465ee728b)  -> (artifact id: 'f243ece3c4dddcbc06fff255ee1f86c4') in 0.033268 seconds
Number of updated asset objects reloaded before import = 0
Number of asset objects unloaded after import = 3
========================================================================
Received Import Request.
  Time since last request: 0.000023 seconds.
  path: Assets/Brackeys/2D Mega Pack/Shapes/Ring.png
  artifactKey: Guid(f7aaa971d41e8a447afd2674b898bd5e) Importer(815301076,1909f56bfc062723c751e8b465ee728b)
Start importing Assets/Brackeys/2D Mega Pack/Shapes/Ring.png using Guid(f7aaa971d41e8a447afd2674b898bd5e) Importer(815301076,1909f56bfc062723c751e8b465ee728b)  -> (artifact id: '574837f2e3c4c5b863173e1e55b68277') in 0.023058 seconds
Number of updated asset objects reloaded before import = 0
Number of asset objects unloaded after import = 3
========================================================================
Received Import Request.
  Time since last request: 0.000022 seconds.
  path: Assets/Brackeys/2D Mega Pack/Shapes/Sugar.png
  artifactKey: Guid(162c961f79f03a7419bae8455ff18508) Importer(815301076,1909f56bfc062723c751e8b465ee728b)
Start importing Assets/Brackeys/2D Mega Pack/Shapes/Sugar.png using Guid(162c961f79f03a7419bae8455ff18508) Importer(815301076,1909f56bfc062723c751e8b465ee728b)  -> (artifact id: 'd82cd4d4156f0fd6330f860abc5ba99a') in 0.016674 seconds
Number of updated asset objects reloaded before import = 0
Number of asset objects unloaded after import = 3
========================================================================
Received Import Request.
  Time since last request: 0.000017 seconds.
  path: Assets/Brackeys/2D Mega Pack/Shapes/Triangle.png
  artifactKey: Guid(1853af91c4d184747801f42772136f14) Importer(815301076,1909f56bfc062723c751e8b465ee728b)
Start importing Assets/Brackeys/2D Mega Pack/Shapes/Triangle.png using Guid(1853af91c4d184747801f42772136f14) Importer(815301076,1909f56bfc062723c751e8b465ee728b)  -> (artifact id: 'ac335b6c68f726af1071785826f50afa') in 0.018587 seconds
Number of updated asset objects reloaded before import = 0
Number of asset objects unloaded after import = 3
========================================================================
Received Import Request.
  Time since last request: 0.000025 seconds.
  path: Assets/Brackeys/2D Mega Pack/Shapes/LargeSquare.png
  artifactKey: Guid(a28960bf12ee0ef439f0a3de86162ef9) Importer(815301076,1909f56bfc062723c751e8b465ee728b)
Start importing Assets/Brackeys/2D Mega Pack/Shapes/LargeSquare.png using Guid(a28960bf12ee0ef439f0a3de86162ef9) Importer(815301076,1909f56bfc062723c751e8b465ee728b)  -> (artifact id: '7017f34d64cba02e4ca6ed149202270d') in 0.048089 seconds
Number of updated asset objects reloaded before import = 0
Number of asset objects unloaded after import = 3
========================================================================
Received Import Request.
  Time since last request: 7.760438 seconds.
  path: Assets/Brackeys/2D Mega Pack/-- Example Photos --/Dungeon Puzzle Example.png
  artifactKey: Guid(a6a22e0c395be6049bb58c2edebd5c4e) Importer(815301076,1909f56bfc062723c751e8b465ee728b)
Start importing Assets/Brackeys/2D Mega Pack/-- Example Photos --/Dungeon Puzzle Example.png using Guid(a6a22e0c395be6049bb58c2edebd5c4e) Importer(815301076,1909f56bfc062723c751e8b465ee728b)  -> (artifact id: 'b487833581a60682261c7ebe627ccafd') in 0.048331 seconds
Number of updated asset objects reloaded before import = 0
Number of asset objects unloaded after import = 3
========================================================================
Received Import Request.
  Time since last request: 0.000045 seconds.
  path: Assets/Brackeys/2D Mega Pack/-- Example Photos --/Retro Platformer Example.png
  artifactKey: Guid(10a0eaf66baf3454bbbba17ad579aec9) Importer(815301076,1909f56bfc062723c751e8b465ee728b)
Start importing Assets/Brackeys/2D Mega Pack/-- Example Photos --/Retro Platformer Example.png using Guid(10a0eaf66baf3454bbbba17ad579aec9) Importer(815301076,1909f56bfc062723c751e8b465ee728b)  -> (artifact id: '70383f5deb96b399231024bbc20696b5') in 0.045505 seconds
Number of updated asset objects reloaded before import = 0
Number of asset objects unloaded after import = 3
========================================================================
Received Import Request.
  Time since last request: 0.000018 seconds.
  path: Assets/Brackeys/2D Mega Pack/-- Example Photos --/Shape Shooter Example.PNG
  artifactKey: Guid(b6d302bd7a3b85048a384dc6b0610011) Importer(815301076,1909f56bfc062723c751e8b465ee728b)
Start importing Assets/Brackeys/2D Mega Pack/-- Example Photos --/Shape Shooter Example.PNG using Guid(b6d302bd7a3b85048a384dc6b0610011) Importer(815301076,1909f56bfc062723c751e8b465ee728b)  -> (artifact id: 'da03e715eb4d0b143f3c8ccb9b7e3ebd') in 0.026245 seconds
Number of updated asset objects reloaded before import = 0
Number of asset objects unloaded after import = 3
========================================================================
Received Import Request.
  Time since last request: 7.998735 seconds.
  path: Assets/Brackeys/2D Mega Pack/Items & Icons/Gothic/SoulFragment.png
  artifactKey: Guid(ec6b13a5ffa52bc45b7eeb8e5f69c6a9) Importer(815301076,1909f56bfc062723c751e8b465ee728b)
Start importing Assets/Brackeys/2D Mega Pack/Items & Icons/Gothic/SoulFragment.png using Guid(ec6b13a5ffa52bc45b7eeb8e5f69c6a9) Importer(815301076,1909f56bfc062723c751e8b465ee728b)  -> (artifact id: '12e3e60f581c0b8e2b96685b14a6e16c') in 0.018498 seconds
Number of updated asset objects reloaded before import = 0
Number of asset objects unloaded after import = 3
========================================================================
Received Import Request.
  Time since last request: 7.707616 seconds.
  path: Assets/Brackeys/2D Mega Pack/Items & Icons/Grungy/ShotgunShell.png
  artifactKey: Guid(4f2abf352097c5a4196021775f71ab2b) Importer(815301076,1909f56bfc062723c751e8b465ee728b)
Start importing Assets/Brackeys/2D Mega Pack/Items & Icons/Grungy/ShotgunShell.png using Guid(4f2abf352097c5a4196021775f71ab2b) Importer(815301076,1909f56bfc062723c751e8b465ee728b)  -> (artifact id: '4028b423ce3fecc8a8655034860b7a3d') in 0.029399 seconds
Number of updated asset objects reloaded before import = 0
Number of asset objects unloaded after import = 3
========================================================================
Received Import Request.
  Time since last request: 1.733380 seconds.
  path: Assets/Brackeys/2D Mega Pack/Items & Icons/Minimalistic/Goal.png
  artifactKey: Guid(cc6b5425952bc7544851889cb4d154c6) Importer(815301076,1909f56bfc062723c751e8b465ee728b)
Start importing Assets/Brackeys/2D Mega Pack/Items & Icons/Minimalistic/Goal.png using Guid(cc6b5425952bc7544851889cb4d154c6) Importer(815301076,1909f56bfc062723c751e8b465ee728b)  -> (artifact id: 'd0bc7793a321ca6c580c72948890bafe') in 0.021659 seconds
Number of updated asset objects reloaded before import = 0
Number of asset objects unloaded after import = 3
========================================================================
Received Import Request.
  Time since last request: 0.000025 seconds.
  path: Assets/Brackeys/2D Mega Pack/Items & Icons/Minimalistic/Wall.png
  artifactKey: Guid(3363b1041f3eea04699cb58b11d2f208) Importer(815301076,1909f56bfc062723c751e8b465ee728b)
Start importing Assets/Brackeys/2D Mega Pack/Items & Icons/Minimalistic/Wall.png using Guid(3363b1041f3eea04699cb58b11d2f208) Importer(815301076,1909f56bfc062723c751e8b465ee728b)  -> (artifact id: '195432d43d58eccb260afea5dc654c46') in 0.019093 seconds
Number of updated asset objects reloaded before import = 0
Number of asset objects unloaded after import = 3
========================================================================
Received Import Request.
  Time since last request: 1.800866 seconds.
  path: Assets/Brackeys/2D Mega Pack/Items & Icons/Cute/Crate.png
  artifactKey: Guid(68a41ff097730fb45a9b2adce184a79d) Importer(815301076,1909f56bfc062723c751e8b465ee728b)
Start importing Assets/Brackeys/2D Mega Pack/Items & Icons/Cute/Crate.png using Guid(68a41ff097730fb45a9b2adce184a79d) Importer(815301076,1909f56bfc062723c751e8b465ee728b)  -> (artifact id: '8f78a21fae6c6b0fd8fcea8626151fba') in 0.023671 seconds
Number of updated asset objects reloaded before import = 0
Number of asset objects unloaded after import = 3
========================================================================
Received Import Request.
  Time since last request: 1.819177 seconds.
  path: Assets/Brackeys/2D Mega Pack/Items & Icons/Arcade/BlueDoor.png
  artifactKey: Guid(d532d529a5217894eae5df878c0c4fe0) Importer(815301076,1909f56bfc062723c751e8b465ee728b)
Start importing Assets/Brackeys/2D Mega Pack/Items & Icons/Arcade/BlueDoor.png using Guid(d532d529a5217894eae5df878c0c4fe0) Importer(815301076,1909f56bfc062723c751e8b465ee728b)  -> (artifact id: 'd47376b52f553eb4b16419f76e29e698') in 0.018334 seconds
Number of updated asset objects reloaded before import = 0
Number of asset objects unloaded after import = 3
========================================================================
Received Import Request.
  Time since last request: 0.000018 seconds.
  path: Assets/Brackeys/2D Mega Pack/Items & Icons/Arcade/Turret.png
  artifactKey: Guid(ff077b6594b804447ab32c9b3b40f584) Importer(815301076,1909f56bfc062723c751e8b465ee728b)
Start importing Assets/Brackeys/2D Mega Pack/Items & Icons/Arcade/Turret.png using Guid(ff077b6594b804447ab32c9b3b40f584) Importer(815301076,1909f56bfc062723c751e8b465ee728b)  -> (artifact id: 'b7a46769916f5e8b4c6694b738bbd2d5') in 0.012209 seconds
Number of updated asset objects reloaded before import = 0
Number of asset objects unloaded after import = 3
========================================================================
Received Import Request.
  Time since last request: 0.000017 seconds.
  path: Assets/Brackeys/2D Mega Pack/Items & Icons/Arcade/GreenButton.png
  artifactKey: Guid(fc3ca5f00e28bb9449d9adff522890d9) Importer(815301076,1909f56bfc062723c751e8b465ee728b)
Start importing Assets/Brackeys/2D Mega Pack/Items & Icons/Arcade/GreenButton.png using Guid(fc3ca5f00e28bb9449d9adff522890d9) Importer(815301076,1909f56bfc062723c751e8b465ee728b)  -> (artifact id: '87e31117b20ba4d55c151171cd451e72') in 0.014779 seconds
Number of updated asset objects reloaded before import = 0
Number of asset objects unloaded after import = 3
========================================================================
Received Import Request.
  Time since last request: 1.622120 seconds.
  path: Assets/Brackeys/2D Mega Pack/Items & Icons/Stick Figure-like/MissileLauncher.png
  artifactKey: Guid(1cd115f69b34b7940a76942263a95efd) Importer(815301076,1909f56bfc062723c751e8b465ee728b)
Start importing Assets/Brackeys/2D Mega Pack/Items & Icons/Stick Figure-like/MissileLauncher.png using Guid(1cd115f69b34b7940a76942263a95efd) Importer(815301076,1909f56bfc062723c751e8b465ee728b)  -> (artifact id: '477a82bab89d87fb3fe4226b6663bad6') in 0.022293 seconds
Number of updated asset objects reloaded before import = 0
Number of asset objects unloaded after import = 3
========================================================================
Received Import Request.
  Time since last request: 0.000022 seconds.
  path: Assets/Brackeys/2D Mega Pack/Items & Icons/Stick Figure-like/Wall.png
  artifactKey: Guid(b836a3aaf2866094ca299591bb38572e) Importer(815301076,1909f56bfc062723c751e8b465ee728b)
Start importing Assets/Brackeys/2D Mega Pack/Items & Icons/Stick Figure-like/Wall.png using Guid(b836a3aaf2866094ca299591bb38572e) Importer(815301076,1909f56bfc062723c751e8b465ee728b)  -> (artifact id: 'b99a5284186dfab4db1935b0d885ed6a') in 0.023814 seconds
Number of updated asset objects reloaded before import = 0
Number of asset objects unloaded after import = 3
========================================================================
Received Import Request.
  Time since last request: 1.642421 seconds.
  path: Assets/Brackeys/2D Mega Pack/Items & Icons/Pixel Art/Coal.png
  artifactKey: Guid(9c5f75faa4c63d4499e6694da108de76) Importer(815301076,1909f56bfc062723c751e8b465ee728b)
Start importing Assets/Brackeys/2D Mega Pack/Items & Icons/Pixel Art/Coal.png using Guid(9c5f75faa4c63d4499e6694da108de76) Importer(815301076,1909f56bfc062723c751e8b465ee728b)  -> (artifact id: '818bf4ea0433022e4a79e398b33652ea') in 0.014549 seconds
Number of updated asset objects reloaded before import = 0
Number of asset objects unloaded after import = 3
========================================================================
Received Import Request.
  Time since last request: 0.000022 seconds.
  path: Assets/Brackeys/2D Mega Pack/Items & Icons/Pixel Art/WaterDrop1.png
  artifactKey: Guid(2092e1ae9910a3743a653ebf2e627c0c) Importer(815301076,1909f56bfc062723c751e8b465ee728b)
Start importing Assets/Brackeys/2D Mega Pack/Items & Icons/Pixel Art/WaterDrop1.png using Guid(2092e1ae9910a3743a653ebf2e627c0c) Importer(815301076,1909f56bfc062723c751e8b465ee728b)  -> (artifact id: '5db3b4e39ad42063c0c6ef2e398542d0') in 0.015658 seconds
Number of updated asset objects reloaded before import = 0
Number of asset objects unloaded after import = 3
========================================================================
Received Import Request.
  Time since last request: 0.000035 seconds.
  path: Assets/Brackeys/2D Mega Pack/Items & Icons/Pixel Art/Fish.png
  artifactKey: Guid(78040fcc3a5ca0646b20e131d68b3660) Importer(815301076,1909f56bfc062723c751e8b465ee728b)
Start importing Assets/Brackeys/2D Mega Pack/Items & Icons/Pixel Art/Fish.png using Guid(78040fcc3a5ca0646b20e131d68b3660) Importer(815301076,1909f56bfc062723c751e8b465ee728b)  -> (artifact id: '1f0e62a277a1acf57ad790f8d4ad010a') in 0.015064 seconds
Number of updated asset objects reloaded before import = 0
Number of asset objects unloaded after import = 3
========================================================================
Received Import Request.
  Time since last request: 0.000016 seconds.
  path: Assets/Brackeys/2D Mega Pack/Items & Icons/Pixel Art/WaterDrop2.png
  artifactKey: Guid(dc609117e8b8ed84ead2a01085dbbaa4) Importer(815301076,1909f56bfc062723c751e8b465ee728b)
Start importing Assets/Brackeys/2D Mega Pack/Items & Icons/Pixel Art/WaterDrop2.png using Guid(dc609117e8b8ed84ead2a01085dbbaa4) Importer(815301076,1909f56bfc062723c751e8b465ee728b)  -> (artifact id: '10ceb236036635e0680d6354d429a90f') in 0.014524 seconds
Number of updated asset objects reloaded before import = 0
Number of asset objects unloaded after import = 3
========================================================================
Received Import Request.
  Time since last request: 0.000022 seconds.
  path: Assets/Brackeys/2D Mega Pack/Items & Icons/Pixel Art/Scroll.png
  artifactKey: Guid(60dbf6a31ffde4645b0ff2a518c88795) Importer(815301076,1909f56bfc062723c751e8b465ee728b)
Start importing Assets/Brackeys/2D Mega Pack/Items & Icons/Pixel Art/Scroll.png using Guid(60dbf6a31ffde4645b0ff2a518c88795) Importer(815301076,1909f56bfc062723c751e8b465ee728b)  -> (artifact id: '0edc043ca8b05182a8af56d01ccdd514') in 0.014315 seconds
Number of updated asset objects reloaded before import = 0
Number of asset objects unloaded after import = 3
========================================================================
Received Import Request.
  Time since last request: 0.000026 seconds.
  path: Assets/Brackeys/2D Mega Pack/Items & Icons/Pixel Art/Glass.png
  artifactKey: Guid(39c5835c5bc828148b44cdff45a30dd5) Importer(815301076,1909f56bfc062723c751e8b465ee728b)
Start importing Assets/Brackeys/2D Mega Pack/Items & Icons/Pixel Art/Glass.png using Guid(39c5835c5bc828148b44cdff45a30dd5) Importer(815301076,1909f56bfc062723c751e8b465ee728b)  -> (artifact id: 'd4a9633b4408451b90f609a8f4678bb4') in 0.013837 seconds
Number of updated asset objects reloaded before import = 0
Number of asset objects unloaded after import = 3
========================================================================
Received Import Request.
  Time since last request: 0.000020 seconds.
  path: Assets/Brackeys/2D Mega Pack/Items & Icons/Pixel Art/Sand.png
  artifactKey: Guid(45854289d4f5e5a418b189bc9b896389) Importer(815301076,1909f56bfc062723c751e8b465ee728b)
Start importing Assets/Brackeys/2D Mega Pack/Items & Icons/Pixel Art/Sand.png using Guid(45854289d4f5e5a418b189bc9b896389) Importer(815301076,1909f56bfc062723c751e8b465ee728b)  -> (artifact id: '00f722fa52eeb008a82a4aaef14b2d9a') in 0.014493 seconds
Number of updated asset objects reloaded before import = 0
Number of asset objects unloaded after import = 3
========================================================================
Received Import Request.
  Time since last request: 0.000017 seconds.
  path: Assets/Brackeys/2D Mega Pack/Items & Icons/Pixel Art/Meat.png
  artifactKey: Guid(eab87f10d2afa594c92ed3d29451b618) Importer(815301076,1909f56bfc062723c751e8b465ee728b)
Start importing Assets/Brackeys/2D Mega Pack/Items & Icons/Pixel Art/Meat.png using Guid(eab87f10d2afa594c92ed3d29451b618) Importer(815301076,1909f56bfc062723c751e8b465ee728b)  -> (artifact id: '8df2769bba5e47bccbf04663561e5160') in 0.023050 seconds
Number of updated asset objects reloaded before import = 0
Number of asset objects unloaded after import = 3
========================================================================
Received Import Request.
  Time since last request: 0.000029 seconds.
  path: Assets/Brackeys/2D Mega Pack/Items & Icons/Pixel Art/Iron.png
  artifactKey: Guid(9e3850ff9c22c0949954069e855a2a44) Importer(815301076,1909f56bfc062723c751e8b465ee728b)
Start importing Assets/Brackeys/2D Mega Pack/Items & Icons/Pixel Art/Iron.png using Guid(9e3850ff9c22c0949954069e855a2a44) Importer(815301076,1909f56bfc062723c751e8b465ee728b)  -> (artifact id: '223d4f324dd053db7b2d93992a457734') in 0.016164 seconds
Number of updated asset objects reloaded before import = 0
Number of asset objects unloaded after import = 3
========================================================================
Received Import Request.
  Time since last request: 0.000026 seconds.
  path: Assets/Brackeys/2D Mega Pack/Items & Icons/Pixel Art/Wool.png
  artifactKey: Guid(a88d5300df9790349866dcad93d3a1ea) Importer(815301076,1909f56bfc062723c751e8b465ee728b)
Start importing Assets/Brackeys/2D Mega Pack/Items & Icons/Pixel Art/Wool.png using Guid(a88d5300df9790349866dcad93d3a1ea) Importer(815301076,1909f56bfc062723c751e8b465ee728b)  -> (artifact id: '1dc0e9f184d2e43e991889985532d1b3') in 0.015568 seconds
Number of updated asset objects reloaded before import = 0
Number of asset objects unloaded after import = 3
========================================================================
Received Import Request.
  Time since last request: 0.000030 seconds.
  path: Assets/Brackeys/2D Mega Pack/Items & Icons/Pixel Art/Egg.png
  artifactKey: Guid(14c5c48283a8eeb4098db89eda4a48ff) Importer(815301076,1909f56bfc062723c751e8b465ee728b)
Start importing Assets/Brackeys/2D Mega Pack/Items & Icons/Pixel Art/Egg.png using Guid(14c5c48283a8eeb4098db89eda4a48ff) Importer(815301076,1909f56bfc062723c751e8b465ee728b)  -> (artifact id: 'cac8120abd6578c76b8dc32cd3fa373e') in 0.021091 seconds
Number of updated asset objects reloaded before import = 0
Number of asset objects unloaded after import = 3
========================================================================
Received Import Request.
  Time since last request: 6.422101 seconds.
  path: Assets/Brackeys/2D Mega Pack/Environment/DungeonFrame2.png
  artifactKey: Guid(647450ba17135774fb5972a3c1eb9325) Importer(815301076,1909f56bfc062723c751e8b465ee728b)
Start importing Assets/Brackeys/2D Mega Pack/Environment/DungeonFrame2.png using Guid(647450ba17135774fb5972a3c1eb9325) Importer(815301076,1909f56bfc062723c751e8b465ee728b)  -> (artifact id: '990e29c6ffe22458bb8ea2c3f23572ef') in 0.024225 seconds
Number of updated asset objects reloaded before import = 0
Number of asset objects unloaded after import = 3
========================================================================
Received Import Request.
  Time since last request: 7.230978 seconds.
  path: Assets/Brackeys/2D Mega Pack/Environment/Gold Miner/Ground.png
  artifactKey: Guid(1c23752ab2123c948bcd42232b8bfd16) Importer(815301076,1909f56bfc062723c751e8b465ee728b)
Start importing Assets/Brackeys/2D Mega Pack/Environment/Gold Miner/Ground.png using Guid(1c23752ab2123c948bcd42232b8bfd16) Importer(815301076,1909f56bfc062723c751e8b465ee728b)  -> (artifact id: '09b3287d7dd0ac220588ccc6974628f9') in 0.029661 seconds
Number of updated asset objects reloaded before import = 0
Number of asset objects unloaded after import = 3
========================================================================
Received Import Request.
  Time since last request: 2.825933 seconds.
  path: Assets/Brackeys/2D Mega Pack/Characters/Astronaut.png
  artifactKey: Guid(a0e7f1167efba544bb8d6e3198ae44f9) Importer(815301076,1909f56bfc062723c751e8b465ee728b)
Start importing Assets/Brackeys/2D Mega Pack/Characters/Astronaut.png using Guid(a0e7f1167efba544bb8d6e3198ae44f9) Importer(815301076,1909f56bfc062723c751e8b465ee728b)  -> (artifact id: 'b7a8b8f18bdd1761052eb8724d368103') in 0.116265 seconds
Number of updated asset objects reloaded before import = 0
Number of asset objects unloaded after import = 13
========================================================================
Received Import Request.
  Time since last request: 0.000020 seconds.
  path: Assets/Brackeys/2D Mega Pack/Characters/MrPickle.png
  artifactKey: Guid(9caa2d1bf58529846b51604707b587f6) Importer(815301076,1909f56bfc062723c751e8b465ee728b)
Start importing Assets/Brackeys/2D Mega Pack/Characters/MrPickle.png using Guid(9caa2d1bf58529846b51604707b587f6) Importer(815301076,1909f56bfc062723c751e8b465ee728b)  -> (artifact id: '4efee9990d4672578c1aff55363ca02c') in 0.047969 seconds
Number of updated asset objects reloaded before import = 0
Number of asset objects unloaded after import = 6
========================================================================
Received Import Request.
  Time since last request: 5.027867 seconds.
  path: Assets/Brackeys/2D Mega Pack/Enemies/Bullet.png
  artifactKey: Guid(9a397e83c4c3c994c988babb654f2b5d) Importer(815301076,1909f56bfc062723c751e8b465ee728b)
Start importing Assets/Brackeys/2D Mega Pack/Enemies/Bullet.png using Guid(9a397e83c4c3c994c988babb654f2b5d) Importer(815301076,1909f56bfc062723c751e8b465ee728b)  -> (artifact id: 'f7163a3cc3fbd06411370a6382917a69') in 0.026102 seconds
Number of updated asset objects reloaded before import = 0
Number of asset objects unloaded after import = 3
========================================================================
Received Import Request.
  Time since last request: 0.000030 seconds.
  path: Assets/Brackeys/2D Mega Pack/Enemies/Crow.png
  artifactKey: Guid(7ed863ccbdc96f0438cc78a3c684e3e0) Importer(815301076,1909f56bfc062723c751e8b465ee728b)
Start importing Assets/Brackeys/2D Mega Pack/Enemies/Crow.png using Guid(7ed863ccbdc96f0438cc78a3c684e3e0) Importer(815301076,1909f56bfc062723c751e8b465ee728b)  -> (artifact id: 'a7c42c237954b9ca70cb415f83fcb033') in 0.028070 seconds
Number of updated asset objects reloaded before import = 0
Number of asset objects unloaded after import = 3
========================================================================
Received Import Request.
  Time since last request: 1.600836 seconds.
  path: Assets/Brackeys/2D Mega Pack/Effects/Fireball.png
  artifactKey: Guid(5ff9fd1dfa3921644a587a08e82b9e1c) Importer(815301076,1909f56bfc062723c751e8b465ee728b)
Start importing Assets/Brackeys/2D Mega Pack/Effects/Fireball.png using Guid(5ff9fd1dfa3921644a587a08e82b9e1c) Importer(815301076,1909f56bfc062723c751e8b465ee728b)  -> (artifact id: 'b492400c441e778d6104d408c1d05e61') in 0.016744 seconds
Number of updated asset objects reloaded before import = 0
Number of asset objects unloaded after import = 4
========================================================================
Received Import Request.
  Time since last request: 0.000030 seconds.
  path: Assets/Brackeys/2D Mega Pack/Effects/Muzzleflash3.png
  artifactKey: Guid(729dd7a288cc6af4cac0edf25f4af631) Importer(815301076,1909f56bfc062723c751e8b465ee728b)
Start importing Assets/Brackeys/2D Mega Pack/Effects/Muzzleflash3.png using Guid(729dd7a288cc6af4cac0edf25f4af631) Importer(815301076,1909f56bfc062723c751e8b465ee728b)  -> (artifact id: '4880c6b467f975cdaf439b61ccb8aaa9') in 0.017067 seconds
Number of updated asset objects reloaded before import = 0
Number of asset objects unloaded after import = 3
========================================================================
Received Import Request.
  Time since last request: 25.400038 seconds.
  path: Assets/Brackeys/2D Mega Pack/Weapons & Tools/Club.png
  artifactKey: Guid(06140cc248b05d2488fbb6493ce5fd11) Importer(815301076,1909f56bfc062723c751e8b465ee728b)
Start importing Assets/Brackeys/2D Mega Pack/Weapons & Tools/Club.png using Guid(06140cc248b05d2488fbb6493ce5fd11) Importer(815301076,1909f56bfc062723c751e8b465ee728b)  -> (artifact id: '1a4bb4659a6f958d5d2cd4ceca36b490') in 0.028685 seconds
Number of updated asset objects reloaded before import = 0
Number of asset objects unloaded after import = 3
========================================================================
Received Import Request.
  Time since last request: 0.000027 seconds.
  path: Assets/Brackeys/2D Mega Pack/Weapons & Tools/Pickaxe.png
  artifactKey: Guid(45cfe68fb47a8514f96477d0fb432286) Importer(815301076,1909f56bfc062723c751e8b465ee728b)
Start importing Assets/Brackeys/2D Mega Pack/Weapons & Tools/Pickaxe.png using Guid(45cfe68fb47a8514f96477d0fb432286) Importer(815301076,1909f56bfc062723c751e8b465ee728b)  -> (artifact id: '840db57041b546ca171ed1e9fc1096b9') in 0.019777 seconds
Number of updated asset objects reloaded before import = 0
Number of asset objects unloaded after import = 3
========================================================================
Received Import Request.
  Time since last request: 0.000042 seconds.
  path: Assets/Brackeys/2D Mega Pack/Weapons & Tools/WateringCan.png
  artifactKey: Guid(8dfb7eb4494cbe14eabf0fda5056d27d) Importer(815301076,1909f56bfc062723c751e8b465ee728b)
Start importing Assets/Brackeys/2D Mega Pack/Weapons & Tools/WateringCan.png using Guid(8dfb7eb4494cbe14eabf0fda5056d27d) Importer(815301076,1909f56bfc062723c751e8b465ee728b)  -> (artifact id: '281a29409182836fe7ecd6276e76c736') in 0.020382 seconds
Number of updated asset objects reloaded before import = 0
Number of asset objects unloaded after import = 3
========================================================================
Received Import Request.
  Time since last request: 3.737661 seconds.
  path: Assets/Brackeys/2D Mega Pack/Food & Plants/Vegetation/Flower2.png
  artifactKey: Guid(1523363110d51784fa3085b9b74cdfc1) Importer(815301076,1909f56bfc062723c751e8b465ee728b)
Start importing Assets/Brackeys/2D Mega Pack/Food & Plants/Vegetation/Flower2.png using Guid(1523363110d51784fa3085b9b74cdfc1) Importer(815301076,1909f56bfc062723c751e8b465ee728b)  -> (artifact id: '892b05460f7ef88757c582e28d125c5c') in 0.035241 seconds
Number of updated asset objects reloaded before import = 0
Number of asset objects unloaded after import = 3
========================================================================
Received Import Request.
  Time since last request: 0.000022 seconds.
  path: Assets/Brackeys/2D Mega Pack/Food & Plants/Vegetation/Mushroom2.png
  artifactKey: Guid(2d3590dc51f096d4c85229f5b19c248c) Importer(815301076,1909f56bfc062723c751e8b465ee728b)
Start importing Assets/Brackeys/2D Mega Pack/Food & Plants/Vegetation/Mushroom2.png using Guid(2d3590dc51f096d4c85229f5b19c248c) Importer(815301076,1909f56bfc062723c751e8b465ee728b)  -> (artifact id: '2910e40629ccc030bc82368acbb47e03') in 0.016036 seconds
Number of updated asset objects reloaded before import = 0
Number of asset objects unloaded after import = 3
========================================================================
Received Import Request.
  Time since last request: 1.452801 seconds.
  path: Assets/Brackeys/2D Mega Pack/Food & Plants/Crops/Aubergine_Done.png
  artifactKey: Guid(3757151fd001a864bb1f65f8f52f10e6) Importer(815301076,1909f56bfc062723c751e8b465ee728b)
Start importing Assets/Brackeys/2D Mega Pack/Food & Plants/Crops/Aubergine_Done.png using Guid(3757151fd001a864bb1f65f8f52f10e6) Importer(815301076,1909f56bfc062723c751e8b465ee728b)  -> (artifact id: '5ec5a23a032b0cb8045749623cfe88c1') in 0.019021 seconds
Number of updated asset objects reloaded before import = 0
Number of asset objects unloaded after import = 3
========================================================================
Received Import Request.
  Time since last request: 0.000029 seconds.
  path: Assets/Brackeys/2D Mega Pack/Food & Plants/Crops/Potatoes_Seed.png
  artifactKey: Guid(a402c3ecefb2ea44abb2dc8fef3e46d2) Importer(815301076,1909f56bfc062723c751e8b465ee728b)
Start importing Assets/Brackeys/2D Mega Pack/Food & Plants/Crops/Potatoes_Seed.png using Guid(a402c3ecefb2ea44abb2dc8fef3e46d2) Importer(815301076,1909f56bfc062723c751e8b465ee728b)  -> (artifact id: 'ebd091fe23a9dffe2804523bdfad2e9b') in 0.026596 seconds
Number of updated asset objects reloaded before import = 0
Number of asset objects unloaded after import = 3
========================================================================
Received Import Request.
  Time since last request: 0.000015 seconds.
  path: Assets/Brackeys/2D Mega Pack/Food & Plants/Crops/Seed.png
  artifactKey: Guid(9b93b28672c3b5648a8e4701a14a1945) Importer(815301076,1909f56bfc062723c751e8b465ee728b)
Start importing Assets/Brackeys/2D Mega Pack/Food & Plants/Crops/Seed.png using Guid(9b93b28672c3b5648a8e4701a14a1945) Importer(815301076,1909f56bfc062723c751e8b465ee728b)  -> (artifact id: 'bd2fe6aac736bbc52b273e66487b25fa') in 0.017764 seconds
Number of updated asset objects reloaded before import = 0
Number of asset objects unloaded after import = 3
========================================================================
Received Import Request.
  Time since last request: 0.000020 seconds.
  path: Assets/Brackeys/2D Mega Pack/Food & Plants/Crops/Pumpkin_Done.png
  artifactKey: Guid(b398f31984f975d439ad74fd48570d89) Importer(815301076,1909f56bfc062723c751e8b465ee728b)
Start importing Assets/Brackeys/2D Mega Pack/Food & Plants/Crops/Pumpkin_Done.png using Guid(b398f31984f975d439ad74fd48570d89) Importer(815301076,1909f56bfc062723c751e8b465ee728b)  -> (artifact id: 'c132c21401b698685af9bdeba838b9db') in 0.020877 seconds
Number of updated asset objects reloaded before import = 0
Number of asset objects unloaded after import = 3
========================================================================
Received Import Request.
  Time since last request: 0.000035 seconds.
  path: Assets/Brackeys/2D Mega Pack/Food & Plants/Crops/Pumpkin_Dead.png
  artifactKey: Guid(157cb9b2c093a584fba187ec8d423718) Importer(815301076,1909f56bfc062723c751e8b465ee728b)
Start importing Assets/Brackeys/2D Mega Pack/Food & Plants/Crops/Pumpkin_Dead.png using Guid(157cb9b2c093a584fba187ec8d423718) Importer(815301076,1909f56bfc062723c751e8b465ee728b)  -> (artifact id: '14d4c698d5f6d310efe51f826448ed79') in 0.016845 seconds
Number of updated asset objects reloaded before import = 0
Number of asset objects unloaded after import = 3
========================================================================
Received Import Request.
  Time since last request: 6.391618 seconds.
  path: Assets/Brackeys/2D Mega Pack/Backgrounds/BlueBackground.png
  artifactKey: Guid(10ebe7a8e14363545946d5a92ac0bcb0) Importer(815301076,1909f56bfc062723c751e8b465ee728b)
Start importing Assets/Brackeys/2D Mega Pack/Backgrounds/BlueBackground.png using Guid(10ebe7a8e14363545946d5a92ac0bcb0) Importer(815301076,1909f56bfc062723c751e8b465ee728b)  -> (artifact id: '0abf8d731cd29820032815994f0ccfde') in 0.033370 seconds
Number of updated asset objects reloaded before import = 0
Number of asset objects unloaded after import = 3
========================================================================
Received Import Request.
  Time since last request: 0.000025 seconds.
  path: Assets/Brackeys/2D Mega Pack/Backgrounds/FieldBackground.png
  artifactKey: Guid(816d352463058f7488a74e1e59af50f1) Importer(815301076,1909f56bfc062723c751e8b465ee728b)
Start importing Assets/Brackeys/2D Mega Pack/Backgrounds/FieldBackground.png using Guid(816d352463058f7488a74e1e59af50f1) Importer(815301076,1909f56bfc062723c751e8b465ee728b)  -> (artifact id: 'abd7faec4fd17e8ab93c65eb8acf7b56') in 0.023871 seconds
Number of updated asset objects reloaded before import = 0
Number of asset objects unloaded after import = 3
========================================================================
Received Import Request.
  Time since last request: 0.000023 seconds.
  path: Assets/Brackeys/2D Mega Pack/Backgrounds/DustyBackground.png
  artifactKey: Guid(921dcff1d0da9eb409b4b461084190e2) Importer(815301076,1909f56bfc062723c751e8b465ee728b)
Start importing Assets/Brackeys/2D Mega Pack/Backgrounds/DustyBackground.png using Guid(921dcff1d0da9eb409b4b461084190e2) Importer(815301076,1909f56bfc062723c751e8b465ee728b)  -> (artifact id: '7253e457f1f42d693b6f1034967c070c') in 0.019197 seconds
Number of updated asset objects reloaded before import = 0
Number of asset objects unloaded after import = 3
========================================================================
Received Import Request.
  Time since last request: 12.564078 seconds.
  path: Assets/Brackeys/2D Mega Pack/Environment/Gothic/Door_NoGround.png
  artifactKey: Guid(b6afdeef3687315428a6482abfcd0ad7) Importer(815301076,1909f56bfc062723c751e8b465ee728b)
Start importing Assets/Brackeys/2D Mega Pack/Environment/Gothic/Door_NoGround.png using Guid(b6afdeef3687315428a6482abfcd0ad7) Importer(815301076,1909f56bfc062723c751e8b465ee728b)  -> (artifact id: 'f626c25ae16e17621cbb9ba65c9bdade') in 0.020702 seconds
Number of updated asset objects reloaded before import = 0
Number of asset objects unloaded after import = 3
========================================================================
Received Import Request.
  Time since last request: 0.000020 seconds.
  path: Assets/Brackeys/2D Mega Pack/Environment/Gothic/DoorUp_NoGround.png
  artifactKey: Guid(ed301da1d8cd303439a7bc579fad3f29) Importer(815301076,1909f56bfc062723c751e8b465ee728b)
Start importing Assets/Brackeys/2D Mega Pack/Environment/Gothic/DoorUp_NoGround.png using Guid(ed301da1d8cd303439a7bc579fad3f29) Importer(815301076,1909f56bfc062723c751e8b465ee728b)  -> (artifact id: 'bef9f286625f6c474870cdc1cd3b9b21') in 0.025387 seconds
Number of updated asset objects reloaded before import = 0
Number of asset objects unloaded after import = 3
========================================================================
Received Import Request.
  Time since last request: 0.000022 seconds.
  path: Assets/Brackeys/2D Mega Pack/Environment/Gothic/Room.png
  artifactKey: Guid(e828e0801aee5b146b70092d30626199) Importer(815301076,1909f56bfc062723c751e8b465ee728b)
Start importing Assets/Brackeys/2D Mega Pack/Environment/Gothic/Room.png using Guid(e828e0801aee5b146b70092d30626199) Importer(815301076,1909f56bfc062723c751e8b465ee728b)  -> (artifact id: '698f6325580bc3fa0f0b314cc2a5c6f4') in 0.032996 seconds
Number of updated asset objects reloaded before import = 0
Number of asset objects unloaded after import = 3
========================================================================
Received Import Request.
  Time since last request: 1.420421 seconds.
  path: Assets/Brackeys/2D Mega Pack/Environment/Grungy/Car.png
  artifactKey: Guid(e3aef1a80b4be2c4bbb9f135394fc9f4) Importer(815301076,1909f56bfc062723c751e8b465ee728b)
Start importing Assets/Brackeys/2D Mega Pack/Environment/Grungy/Car.png using Guid(e3aef1a80b4be2c4bbb9f135394fc9f4) Importer(815301076,1909f56bfc062723c751e8b465ee728b)  -> (artifact id: '30e27e3cd993c959a5cdd5b9ee9f4368') in 0.025239 seconds
Number of updated asset objects reloaded before import = 0
Number of asset objects unloaded after import = 3
========================================================================
Received Import Request.
  Time since last request: 0.000023 seconds.
  path: Assets/Brackeys/2D Mega Pack/Environment/Grungy/RoadTurn.png
  artifactKey: Guid(0deb26d1d834d4e4eb5f80998a7d08c6) Importer(815301076,1909f56bfc062723c751e8b465ee728b)
Start importing Assets/Brackeys/2D Mega Pack/Environment/Grungy/RoadTurn.png using Guid(0deb26d1d834d4e4eb5f80998a7d08c6) Importer(815301076,1909f56bfc062723c751e8b465ee728b)  -> (artifact id: '15590d93104b0a4ceb25d0686fecb574') in 0.024530 seconds
Number of updated asset objects reloaded before import = 0
Number of asset objects unloaded after import = 3
========================================================================
Received Import Request.
  Time since last request: 1.333441 seconds.
  path: Assets/Brackeys/2D Mega Pack/Environment/Stick Figure-like/Ground&Sky.png
  artifactKey: Guid(e9b385355511d7a458cae8d8e592ed23) Importer(815301076,1909f56bfc062723c751e8b465ee728b)
Start importing Assets/Brackeys/2D Mega Pack/Environment/Stick Figure-like/Ground&Sky.png using Guid(e9b385355511d7a458cae8d8e592ed23) Importer(815301076,1909f56bfc062723c751e8b465ee728b)  -> (artifact id: '1964ea85f0abf3014ca0e5b82f448c4e') in 0.031028 seconds
Number of updated asset objects reloaded before import = 0
Number of asset objects unloaded after import = 3
========================================================================
Received Import Request.
  Time since last request: 1.719458 seconds.
  path: Assets/Brackeys/2D Mega Pack/Environment/Tiles/GroundTile.png
  artifactKey: Guid(6b558f4b6b6cf9447a39de0812a0a3cf) Importer(815301076,1909f56bfc062723c751e8b465ee728b)
Start importing Assets/Brackeys/2D Mega Pack/Environment/Tiles/GroundTile.png using Guid(6b558f4b6b6cf9447a39de0812a0a3cf) Importer(815301076,1909f56bfc062723c751e8b465ee728b)  -> (artifact id: '5f57fe9acd00baab120d99e2126dae7f') in 0.015017 seconds
Number of updated asset objects reloaded before import = 0
Number of asset objects unloaded after import = 3
========================================================================
Received Import Request.
  Time since last request: 0.000018 seconds.
  path: Assets/Brackeys/2D Mega Pack/Environment/Tiles/SpikeTile_Down.png
  artifactKey: Guid(73f92a50abe00ea428b79f37b1de1b54) Importer(815301076,1909f56bfc062723c751e8b465ee728b)
Start importing Assets/Brackeys/2D Mega Pack/Environment/Tiles/SpikeTile_Down.png using Guid(73f92a50abe00ea428b79f37b1de1b54) Importer(815301076,1909f56bfc062723c751e8b465ee728b)  -> (artifact id: 'b27ab02ffe414c05c18c2da2c08cee18') in 0.015023 seconds
Number of updated asset objects reloaded before import = 0
Number of asset objects unloaded after import = 3
========================================================================
Received Import Request.
  Time since last request: 5.179482 seconds.
  path: Assets/Brackeys/2D Mega Pack/Characters/Fantasy/Commoner.png
  artifactKey: Guid(4ae49494a73ff584099f601cb159abba) Importer(815301076,1909f56bfc062723c751e8b465ee728b)
Start importing Assets/Brackeys/2D Mega Pack/Characters/Fantasy/Commoner.png using Guid(4ae49494a73ff584099f601cb159abba) Importer(815301076,1909f56bfc062723c751e8b465ee728b)  -> (artifact id: '03346d14ea24fcae81076e14ab6df3a8') in 0.021245 seconds
Number of updated asset objects reloaded before import = 0
Number of asset objects unloaded after import = 3
========================================================================
Received Import Request.
  Time since last request: 0.000028 seconds.
  path: Assets/Brackeys/2D Mega Pack/Characters/Fantasy/Princess.png
  artifactKey: Guid(48cd8048939cc274dae16a9493829244) Importer(815301076,1909f56bfc062723c751e8b465ee728b)
Start importing Assets/Brackeys/2D Mega Pack/Characters/Fantasy/Princess.png using Guid(48cd8048939cc274dae16a9493829244) Importer(815301076,1909f56bfc062723c751e8b465ee728b)  -> (artifact id: 'd5f7be9287d856e98026340821f1bbc8') in 0.016753 seconds
Number of updated asset objects reloaded before import = 0
Number of asset objects unloaded after import = 3
========================================================================
Received Import Request.
  Time since last request: 22.766386 seconds.
  path: Assets/Brackeys/2D Mega Pack/Characters/Blob Players/BlobPlayer_Pink.png
  artifactKey: Guid(addd2af175d074643a3b1f29f6c23041) Importer(815301076,1909f56bfc062723c751e8b465ee728b)
Start importing Assets/Brackeys/2D Mega Pack/Characters/Blob Players/BlobPlayer_Pink.png using Guid(addd2af175d074643a3b1f29f6c23041) Importer(815301076,1909f56bfc062723c751e8b465ee728b)  -> (artifact id: '3f2f4d11de9cbfc33caebede984c6e0f') in 0.038057 seconds
Number of updated asset objects reloaded before import = 0
Number of asset objects unloaded after import = 12
========================================================================
Received Import Request.
  Time since last request: 0.000031 seconds.
  path: Assets/Brackeys/2D Mega Pack/UI/ItemPoolFrame.png
  artifactKey: Guid(9e81f1d2291050f49bab39ec9fd0bbce) Importer(815301076,1909f56bfc062723c751e8b465ee728b)
Start importing Assets/Brackeys/2D Mega Pack/UI/ItemPoolFrame.png using Guid(9e81f1d2291050f49bab39ec9fd0bbce) Importer(815301076,1909f56bfc062723c751e8b465ee728b)  -> (artifact id: 'bd0cabb5adc0e00542e1ffd0db22eb07') in 0.024439 seconds
Number of updated asset objects reloaded before import = 0
Number of asset objects unloaded after import = 3
========================================================================
Received Import Request.
  Time since last request: 0.903252 seconds.
  path: Assets/Brackeys/2D Mega Pack/Platforms/Platform_Blue_Wide.png
  artifactKey: Guid(c76f47f717e792941b9c97541a3a1ff4) Importer(815301076,1909f56bfc062723c751e8b465ee728b)
Start importing Assets/Brackeys/2D Mega Pack/Platforms/Platform_Blue_Wide.png using Guid(c76f47f717e792941b9c97541a3a1ff4) Importer(815301076,1909f56bfc062723c751e8b465ee728b)  -> (artifact id: '33974a61333dd46a156899564fab6a42') in 0.021251 seconds
Number of updated asset objects reloaded before import = 0
Number of asset objects unloaded after import = 3
========================================================================
Received Import Request.
  Time since last request: 0.000030 seconds.
  path: Assets/Brackeys/2D Mega Pack/Platforms/Platform_Pink_Wide.png
  artifactKey: Guid(849f7ba5345b1004db608d9d554c41dd) Importer(815301076,1909f56bfc062723c751e8b465ee728b)
Start importing Assets/Brackeys/2D Mega Pack/Platforms/Platform_Pink_Wide.png using Guid(849f7ba5345b1004db608d9d554c41dd) Importer(815301076,1909f56bfc062723c751e8b465ee728b)  -> (artifact id: '8cb4f9803c828d3100bd16b1560ba20d') in 0.023196 seconds
Number of updated asset objects reloaded before import = 0
Number of asset objects unloaded after import = 3
========================================================================
Received Import Request.
  Time since last request: 0.000031 seconds.
  path: Assets/Brackeys/2D Mega Pack/Platforms/Platform_Pink.png
  artifactKey: Guid(4bdcafa0e50338d41ae14a25a337e16d) Importer(815301076,1909f56bfc062723c751e8b465ee728b)
Start importing Assets/Brackeys/2D Mega Pack/Platforms/Platform_Pink.png using Guid(4bdcafa0e50338d41ae14a25a337e16d) Importer(815301076,1909f56bfc062723c751e8b465ee728b)  -> (artifact id: 'c29a15a9d4d58726213a4726dd5523b9') in 0.016730 seconds
Number of updated asset objects reloaded before import = 0
Number of asset objects unloaded after import = 3
========================================================================
Received Import Request.
  Time since last request: 0.000024 seconds.
  path: Assets/Brackeys/2D Mega Pack/Platforms/Platform_Wood.png
  artifactKey: Guid(6a9b202e9a1f2064b8ddb485c19be1fd) Importer(815301076,1909f56bfc062723c751e8b465ee728b)
Start importing Assets/Brackeys/2D Mega Pack/Platforms/Platform_Wood.png using Guid(6a9b202e9a1f2064b8ddb485c19be1fd) Importer(815301076,1909f56bfc062723c751e8b465ee728b)  -> (artifact id: 'a96fe9efc247cb50080354e1cc3192d1') in 0.015200 seconds
Number of updated asset objects reloaded before import = 0
Number of asset objects unloaded after import = 3
========================================================================
Received Import Request.
  Time since last request: 25.402902 seconds.
  path: Assets/Brackeys/2D Mega Pack/UI/Cursors/Cursor_Shoot.png
  artifactKey: Guid(944eece0a3c26194d96c7c96dd48f94a) Importer(815301076,1909f56bfc062723c751e8b465ee728b)
Start importing Assets/Brackeys/2D Mega Pack/UI/Cursors/Cursor_Shoot.png using Guid(944eece0a3c26194d96c7c96dd48f94a) Importer(815301076,1909f56bfc062723c751e8b465ee728b)  -> (artifact id: '21402a7ec2c7b255618c620f3ad5dadb') in 0.031252 seconds
Number of updated asset objects reloaded before import = 0
Number of asset objects unloaded after import = 3
========================================================================
Received Import Request.
  Time since last request: 3.201544 seconds.
  path: Assets/Brackeys/2D Mega Pack/UI/Dialogue.png
  artifactKey: Guid(9b337a360b84fa9428fe7dbe7774012f) Importer(815301076,1909f56bfc062723c751e8b465ee728b)
Start importing Assets/Brackeys/2D Mega Pack/UI/Dialogue.png using Guid(9b337a360b84fa9428fe7dbe7774012f) Importer(815301076,1909f56bfc062723c751e8b465ee728b)  -> (artifact id: 'bcf059684fd37bd36d2a1599a723fb88') in 0.028820 seconds
Number of updated asset objects reloaded before import = 0
Number of asset objects unloaded after import = 3
========================================================================
Received Import Request.
  Time since last request: 0.000018 seconds.
  path: Assets/Brackeys/2D Mega Pack/UI/Panel.png
  artifactKey: Guid(2d2a8283297ec2145995167477834885) Importer(815301076,1909f56bfc062723c751e8b465ee728b)
Start importing Assets/Brackeys/2D Mega Pack/UI/Panel.png using Guid(2d2a8283297ec2145995167477834885) Importer(815301076,1909f56bfc062723c751e8b465ee728b)  -> (artifact id: 'bc2663c2bc9bb8581d4b0be7183650c5') in 0.040587 seconds
Number of updated asset objects reloaded before import = 0
Number of asset objects unloaded after import = 3
========================================================================
Received Prepare
Begin MonoManager ReloadAssembly
Symbol file LoadedFromMemory doesn't match image C:\Users\J\2D project\Library\PackageCache\com.unity.visualscripting@1.8.0\Editor\VisualScripting.Core\Dependencies\YamlDotNet\Unity.VisualScripting.YamlDotNet.dll
Symbol file LoadedFromMemory doesn't match image C:\Users\J\2D project\Library\PackageCache\com.unity.visualscripting@1.8.0\Editor\VisualScripting.Core\Dependencies\DotNetZip\Unity.VisualScripting.IonicZip.dll
- Loaded All Assemblies, in  0.609 seconds
Refreshing native plugins compatible for Editor in 3.30 ms, found 4 plugins.
Native extension for WindowsStandalone target not found
Native extension for WebGL target not found
Mono: successfully reloaded assembly
- Finished resetting the current domain, in  0.771 seconds
Domain Reload Profiling: 1377ms
	BeginReloadAssembly (123ms)
		ExecutionOrderSort (0ms)
		DisableScriptedObjects (9ms)
		BackupInstance (0ms)
		ReleaseScriptingObjects (0ms)
		CreateAndSetChildDomain (32ms)
	RebuildCommonClasses (25ms)
	RebuildNativeTypeToScriptingClass (9ms)
	initialDomainReloadingComplete (26ms)
	LoadAllAssembliesAndSetupDomain (423ms)
		LoadAssemblies (255ms)
		RebuildTransferFunctionScriptingTraits (0ms)
		AnalyzeDomain (217ms)
			TypeCache.Refresh (214ms)
				TypeCache.ScanAssembly (203ms)
			ScanForSourceGeneratedMonoScriptInfo (0ms)
			ResolveRequiredComponents (3ms)
	FinalizeReload (771ms)
		ReleaseScriptCaches (0ms)
		RebuildScriptCaches (0ms)
		SetupLoadedEditorAssemblies (325ms)
			LogAssemblyErrors (0ms)
			InitializePlatformSupportModulesInManaged (7ms)
			SetLoadedEditorAssemblies (3ms)
			RefreshPlugins (0ms)
			BeforeProcessingInitializeOnLoad (67ms)
			ProcessInitializeOnLoadAttributes (213ms)
			ProcessInitializeOnLoadMethodAttributes (30ms)
			AfterProcessingInitializeOnLoad (6ms)
			EditorAssembliesLoaded (0ms)
		ExecutionOrderSort2 (0ms)
		AwakeInstancesAfterBackupRestoration (11ms)
Refreshing native plugins compatible for Editor in 4.69 ms, found 4 plugins.
Preloading 0 native plugins for Editor in 0.00 ms.
Unloading 3992 Unused Serialized files (Serialized files now loaded: 0)
Unloading 41 unused Assets / (217.3 KB). Loaded Objects now: 4534.
Memory consumption went from 141.6 MB to 141.4 MB.
Total: 3.118000 ms (FindLiveObjects: 0.261400 ms CreateObjectMapping: 0.163200 ms MarkObjects: 2.525800 ms  DeleteObjects: 0.166900 ms)

Prepare: number of updated asset objects reloaded= 0
AssetImportParameters requested are different than current active one (requested -> active):
  custom:container-demuxer-ogg: 62fdf1f143b41e24485cea50d1cbac27 -> 
  custom:video-decoder-ogg-theora: a1e56fd34408186e4bbccfd4996cb3dc -> 
  custom:framework-win-MediaFoundation: 216162199b28c13a410421893ffa2e32 -> 
  custom:container-demuxer-webm: 4f35f7cbe854078d1ac9338744f61a02 -> 
  custom:container-muxer-webm: aa71ff27fc2769a1b78a27578f13a17b -> 
  custom:video-decoder-webm-vp8: 9c59270c3fd7afecdb556c50c9e8de78 -> 
  custom:AudioImporter_EditorPlatform: d09bf68614088b80899f8185d706f6e7 -> 
  custom:video-encoder-webm-vp8: eb34c28f22e8b96e1ab97ce403110664 -> 
  custom:audio-decoder-ogg-vorbis: bf7c407c2cedff20999df2af8eb42d56 -> 
  custom:audio-encoder-webm-vorbis: bf7c407c2cedff20999df2af8eb42d56 -> 
========================================================================
Received Import Request.
  Time since last request: 2212.851603 seconds.
  path: Assets/Brackeys/2D Mega Pack/Environment/Farming/Dirt_Left.png
  artifactKey: Guid(4b3d667bcfe137e4bac8ca33c38cf267) Importer(815301076,1909f56bfc062723c751e8b465ee728b)
Start importing Assets/Brackeys/2D Mega Pack/Environment/Farming/Dirt_Left.png using Guid(4b3d667bcfe137e4bac8ca33c38cf267) Importer(815301076,1909f56bfc062723c751e8b465ee728b)  -> (artifact id: '400d956623084c4f9fb4fa4b7ad1794b') in 0.080306 seconds
Number of updated asset objects reloaded before import = 0
Number of asset objects unloaded after import = 3
========================================================================
Received Import Request.
  Time since last request: 0.000019 seconds.
  path: Assets/Brackeys/2D Mega Pack/Environment/Farming/TrashCan.png
  artifactKey: Guid(5f29f64548d98f64893d01b0b4c02f3b) Importer(815301076,1909f56bfc062723c751e8b465ee728b)
Start importing Assets/Brackeys/2D Mega Pack/Environment/Farming/TrashCan.png using Guid(5f29f64548d98f64893d01b0b4c02f3b) Importer(815301076,1909f56bfc062723c751e8b465ee728b)  -> (artifact id: 'af8d86de843ad80bac3ca94fda11a31d') in 0.021986 seconds
Number of updated asset objects reloaded before import = 0
Number of asset objects unloaded after import = 3
========================================================================
Received Import Request.
  Time since last request: 0.000016 seconds.
  path: Assets/Brackeys/2D Mega Pack/Environment/Farming/Dirt_Mid.png
  artifactKey: Guid(cdd3802b2839b31409430e4f03c49fe4) Importer(815301076,1909f56bfc062723c751e8b465ee728b)
Start importing Assets/Brackeys/2D Mega Pack/Environment/Farming/Dirt_Mid.png using Guid(cdd3802b2839b31409430e4f03c49fe4) Importer(815301076,1909f56bfc062723c751e8b465ee728b)  -> (artifact id: 'd29aaeead86126d557f30dcef37d2790') in 0.017258 seconds
Number of updated asset objects reloaded before import = 0
Number of asset objects unloaded after import = 3
========================================================================
Received Import Request.
  Time since last request: 0.000014 seconds.
  path: Assets/Brackeys/2D Mega Pack/Environment/Farming/DirtRow.png
  artifactKey: Guid(58990ff17db16224eb6d25d150205554) Importer(815301076,1909f56bfc062723c751e8b465ee728b)
Start importing Assets/Brackeys/2D Mega Pack/Environment/Farming/DirtRow.png using Guid(58990ff17db16224eb6d25d150205554) Importer(815301076,1909f56bfc062723c751e8b465ee728b)  -> (artifact id: '8b3f28f9b0972d8816a5dafb234fb292') in 0.029406 seconds
Number of updated asset objects reloaded before import = 0
Number of asset objects unloaded after import = 3
========================================================================
Received Import Request.
  Time since last request: 9.178819 seconds.
  path: Assets/Brackeys/2D Mega Pack/Items & Icons/Gold Miner/Gold01.png
  artifactKey: Guid(87850260d0f08224e887e1c55590c081) Importer(815301076,1909f56bfc062723c751e8b465ee728b)
Start importing Assets/Brackeys/2D Mega Pack/Items & Icons/Gold Miner/Gold01.png using Guid(87850260d0f08224e887e1c55590c081) Importer(815301076,1909f56bfc062723c751e8b465ee728b)  -> (artifact id: 'f6e8d1285f99dd8f8b01021b774b6de8') in 0.015001 seconds
Number of updated asset objects reloaded before import = 0
Number of asset objects unloaded after import = 3
========================================================================
Received Import Request.
  Time since last request: 0.000030 seconds.
  path: Assets/Brackeys/2D Mega Pack/Enemies/Gothic/GothicEnemy01.png
  artifactKey: Guid(0430600dfe1dcf246b1f1324fe8be4d4) Importer(815301076,1909f56bfc062723c751e8b465ee728b)
Start importing Assets/Brackeys/2D Mega Pack/Enemies/Gothic/GothicEnemy01.png using Guid(0430600dfe1dcf246b1f1324fe8be4d4) Importer(815301076,1909f56bfc062723c751e8b465ee728b)  -> (artifact id: 'ab5be4cc1aba50a9a11f27a8b914b2e0') in 0.017161 seconds
Number of updated asset objects reloaded before import = 0
Number of asset objects unloaded after import = 6
Editor requested this worker to shutdown with reason: Scaling down because of idle timeout
TcpMessagingSession - receive error: operation aborted. errorcode: 995, details:        I/O  .
AssetImportWorker is now disconnected from the server
Process exiting
Exiting without the bug reporter. Application will terminate with return code 0